2023-04-09 20:31:56,246 ----------------------------------------------------------------------------------------------------
2023-04-09 20:31:56,248 Model: "SequenceTagger(
  (embeddings): StackedEmbeddings(
    (list_embedding_0): WordEmbeddings(
      'glove'
      (embedding): Embedding(400001, 100)
    )
    (list_embedding_1): FlairEmbeddings(
      (lm): LanguageModel(
        (drop): Dropout(p=0.05, inplace=False)
        (encoder): Embedding(300, 100)
        (rnn): LSTM(100, 2048)
      )
    )
    (list_embedding_2): FlairEmbeddings(
      (lm): LanguageModel(
        (drop): Dropout(p=0.05, inplace=False)
        (encoder): Embedding(300, 100)
        (rnn): LSTM(100, 2048)
      )
    )
  )
  (word_dropout): WordDropout(p=0.05)
  (locked_dropout): LockedDropout(p=0.5)
  (embedding2nn): Linear(in_features=4196, out_features=4196, bias=True)
  (rnn): LSTM(4196, 256, batch_first=True, bidirectional=True)
  (linear): Linear(in_features=512, out_features=11, bias=True)
  (loss_function): ViterbiLoss()
  (crf): CRF()
)"
2023-04-09 20:31:56,251 ----------------------------------------------------------------------------------------------------
2023-04-09 20:31:56,253 Corpus: "Corpus: 3210 train + 1024 dev + 1178 test sentences"
2023-04-09 20:31:56,255 ----------------------------------------------------------------------------------------------------
2023-04-09 20:31:56,257 Parameters:
2023-04-09 20:31:56,259  - learning_rate: "0.100000"
2023-04-09 20:31:56,261  - mini_batch_size: "32"
2023-04-09 20:31:56,262  - patience: "3"
2023-04-09 20:31:56,263  - anneal_factor: "0.5"
2023-04-09 20:31:56,265  - max_epochs: "150"
2023-04-09 20:31:56,267  - shuffle: "True"
2023-04-09 20:31:56,269  - train_with_dev: "False"
2023-04-09 20:31:56,273  - batch_growth_annealing: "False"
2023-04-09 20:31:56,277 ----------------------------------------------------------------------------------------------------
2023-04-09 20:31:56,279 Model training base path: "resources\taggers\adr-ner-prodigy"
2023-04-09 20:31:56,281 ----------------------------------------------------------------------------------------------------
2023-04-09 20:31:56,282 Device: cuda:0
2023-04-09 20:31:56,283 ----------------------------------------------------------------------------------------------------
2023-04-09 20:31:56,287 Embeddings storage mode: cpu
2023-04-09 20:31:56,289 ----------------------------------------------------------------------------------------------------
2023-04-09 20:32:02,053 epoch 1 - iter 10/101 - loss 0.54333092 - time (sec): 5.76 - samples/sec: 1002.44 - lr: 0.100000
2023-04-09 20:32:05,944 epoch 1 - iter 20/101 - loss 0.33185022 - time (sec): 9.65 - samples/sec: 1128.36 - lr: 0.100000
2023-04-09 20:32:09,804 epoch 1 - iter 30/101 - loss 0.24304397 - time (sec): 13.51 - samples/sec: 1210.42 - lr: 0.100000
2023-04-09 20:32:14,171 epoch 1 - iter 40/101 - loss 0.20561525 - time (sec): 17.88 - samples/sec: 1192.66 - lr: 0.100000
2023-04-09 20:32:18,740 epoch 1 - iter 50/101 - loss 0.17752052 - time (sec): 22.45 - samples/sec: 1205.79 - lr: 0.100000
2023-04-09 20:32:24,370 epoch 1 - iter 60/101 - loss 0.15833922 - time (sec): 28.08 - samples/sec: 1173.26 - lr: 0.100000
2023-04-09 20:32:28,418 epoch 1 - iter 70/101 - loss 0.14524310 - time (sec): 32.13 - samples/sec: 1188.02 - lr: 0.100000
2023-04-09 20:32:32,596 epoch 1 - iter 80/101 - loss 0.13471723 - time (sec): 36.30 - samples/sec: 1200.15 - lr: 0.100000
2023-04-09 20:32:38,053 epoch 1 - iter 90/101 - loss 0.12650021 - time (sec): 41.76 - samples/sec: 1201.02 - lr: 0.100000
2023-04-09 20:32:42,668 epoch 1 - iter 100/101 - loss 0.11932154 - time (sec): 46.38 - samples/sec: 1197.91 - lr: 0.100000
2023-04-09 20:32:42,892 ----------------------------------------------------------------------------------------------------
2023-04-09 20:32:42,894 EPOCH 1 done: loss 0.1194 - lr 0.100000
2023-04-09 20:33:00,544 Evaluating as a multi-label problem: False
2023-04-09 20:33:00,573 DEV : loss 0.12084212899208069 - f1-score (micro avg)  0.6789
2023-04-09 20:33:00,671 BAD EPOCHS (no improvement): 0
2023-04-09 20:33:00,672 saving best model
2023-04-09 20:33:03,687 ----------------------------------------------------------------------------------------------------
2023-04-09 20:33:06,004 epoch 2 - iter 10/101 - loss 0.05517144 - time (sec): 2.32 - samples/sec: 2332.17 - lr: 0.100000
2023-04-09 20:33:08,119 epoch 2 - iter 20/101 - loss 0.04770361 - time (sec): 4.43 - samples/sec: 2409.15 - lr: 0.100000
2023-04-09 20:33:10,628 epoch 2 - iter 30/101 - loss 0.05448215 - time (sec): 6.94 - samples/sec: 2369.25 - lr: 0.100000
2023-04-09 20:33:12,979 epoch 2 - iter 40/101 - loss 0.05358574 - time (sec): 9.29 - samples/sec: 2386.54 - lr: 0.100000
2023-04-09 20:33:15,093 epoch 2 - iter 50/101 - loss 0.05475465 - time (sec): 11.40 - samples/sec: 2457.75 - lr: 0.100000
2023-04-09 20:33:16,997 epoch 2 - iter 60/101 - loss 0.05108707 - time (sec): 13.31 - samples/sec: 2512.65 - lr: 0.100000
2023-04-09 20:33:18,888 epoch 2 - iter 70/101 - loss 0.04893784 - time (sec): 15.20 - samples/sec: 2568.14 - lr: 0.100000
2023-04-09 20:33:20,895 epoch 2 - iter 80/101 - loss 0.04916347 - time (sec): 17.21 - samples/sec: 2584.36 - lr: 0.100000
2023-04-09 20:33:23,030 epoch 2 - iter 90/101 - loss 0.04794806 - time (sec): 19.34 - samples/sec: 2584.24 - lr: 0.100000
2023-04-09 20:33:25,270 epoch 2 - iter 100/101 - loss 0.04835713 - time (sec): 21.58 - samples/sec: 2573.34 - lr: 0.100000
2023-04-09 20:33:25,347 ----------------------------------------------------------------------------------------------------
2023-04-09 20:33:25,348 EPOCH 2 done: loss 0.0484 - lr 0.100000
2023-04-09 20:33:36,587 Evaluating as a multi-label problem: False
2023-04-09 20:33:36,609 DEV : loss 0.08020289242267609 - f1-score (micro avg)  0.6998
2023-04-09 20:33:36,711 BAD EPOCHS (no improvement): 0
2023-04-09 20:33:36,714 saving best model
2023-04-09 20:33:38,368 ----------------------------------------------------------------------------------------------------
2023-04-09 20:33:40,989 epoch 3 - iter 10/101 - loss 0.04345870 - time (sec): 2.62 - samples/sec: 2126.83 - lr: 0.100000
2023-04-09 20:33:43,235 epoch 3 - iter 20/101 - loss 0.04565841 - time (sec): 4.86 - samples/sec: 2269.39 - lr: 0.100000
2023-04-09 20:33:45,218 epoch 3 - iter 30/101 - loss 0.04730675 - time (sec): 6.85 - samples/sec: 2443.55 - lr: 0.100000
2023-04-09 20:33:47,293 epoch 3 - iter 40/101 - loss 0.04423455 - time (sec): 8.92 - samples/sec: 2443.37 - lr: 0.100000
2023-04-09 20:33:49,443 epoch 3 - iter 50/101 - loss 0.04219278 - time (sec): 11.07 - samples/sec: 2459.00 - lr: 0.100000
2023-04-09 20:33:51,671 epoch 3 - iter 60/101 - loss 0.04323521 - time (sec): 13.30 - samples/sec: 2457.35 - lr: 0.100000
2023-04-09 20:33:53,926 epoch 3 - iter 70/101 - loss 0.04284835 - time (sec): 15.56 - samples/sec: 2450.53 - lr: 0.100000
2023-04-09 20:33:56,516 epoch 3 - iter 80/101 - loss 0.04294422 - time (sec): 18.15 - samples/sec: 2430.43 - lr: 0.100000
2023-04-09 20:33:58,746 epoch 3 - iter 90/101 - loss 0.04206008 - time (sec): 20.38 - samples/sec: 2455.02 - lr: 0.100000
2023-04-09 20:34:00,771 epoch 3 - iter 100/101 - loss 0.04165079 - time (sec): 22.40 - samples/sec: 2478.85 - lr: 0.100000
2023-04-09 20:34:00,840 ----------------------------------------------------------------------------------------------------
2023-04-09 20:34:00,841 EPOCH 3 done: loss 0.0417 - lr 0.100000
2023-04-09 20:34:13,463 Evaluating as a multi-label problem: False
2023-04-09 20:34:13,488 DEV : loss 0.09029851853847504 - f1-score (micro avg)  0.7016
2023-04-09 20:34:13,593 BAD EPOCHS (no improvement): 0
2023-04-09 20:34:13,595 saving best model
2023-04-09 20:34:15,030 ----------------------------------------------------------------------------------------------------
2023-04-09 20:34:17,289 epoch 4 - iter 10/101 - loss 0.05065098 - time (sec): 2.26 - samples/sec: 2406.10 - lr: 0.100000
2023-04-09 20:34:19,301 epoch 4 - iter 20/101 - loss 0.04237872 - time (sec): 4.27 - samples/sec: 2556.63 - lr: 0.100000
2023-04-09 20:34:21,841 epoch 4 - iter 30/101 - loss 0.03996791 - time (sec): 6.81 - samples/sec: 2424.03 - lr: 0.100000
2023-04-09 20:34:23,920 epoch 4 - iter 40/101 - loss 0.03727794 - time (sec): 8.89 - samples/sec: 2475.30 - lr: 0.100000
2023-04-09 20:34:26,085 epoch 4 - iter 50/101 - loss 0.03773213 - time (sec): 11.05 - samples/sec: 2471.99 - lr: 0.100000
2023-04-09 20:34:28,537 epoch 4 - iter 60/101 - loss 0.03689789 - time (sec): 13.51 - samples/sec: 2452.56 - lr: 0.100000
2023-04-09 20:34:31,520 epoch 4 - iter 70/101 - loss 0.03593121 - time (sec): 16.49 - samples/sec: 2360.58 - lr: 0.100000
2023-04-09 20:34:34,859 epoch 4 - iter 80/101 - loss 0.03760696 - time (sec): 19.83 - samples/sec: 2239.01 - lr: 0.100000
2023-04-09 20:34:37,117 epoch 4 - iter 90/101 - loss 0.03740973 - time (sec): 22.08 - samples/sec: 2250.14 - lr: 0.100000
2023-04-09 20:34:39,230 epoch 4 - iter 100/101 - loss 0.03832856 - time (sec): 24.20 - samples/sec: 2293.53 - lr: 0.100000
2023-04-09 20:34:39,320 ----------------------------------------------------------------------------------------------------
2023-04-09 20:34:39,321 EPOCH 4 done: loss 0.0384 - lr 0.100000
2023-04-09 20:34:51,100 Evaluating as a multi-label problem: False
2023-04-09 20:34:51,120 DEV : loss 0.06799398362636566 - f1-score (micro avg)  0.701
2023-04-09 20:34:51,217 BAD EPOCHS (no improvement): 1
2023-04-09 20:34:51,219 ----------------------------------------------------------------------------------------------------
2023-04-09 20:34:53,815 epoch 5 - iter 10/101 - loss 0.03560789 - time (sec): 2.59 - samples/sec: 2136.95 - lr: 0.100000
2023-04-09 20:34:56,042 epoch 5 - iter 20/101 - loss 0.03459947 - time (sec): 4.82 - samples/sec: 2295.23 - lr: 0.100000
2023-04-09 20:34:58,432 epoch 5 - iter 30/101 - loss 0.03698659 - time (sec): 7.21 - samples/sec: 2329.56 - lr: 0.100000
2023-04-09 20:35:00,632 epoch 5 - iter 40/101 - loss 0.03774134 - time (sec): 9.41 - samples/sec: 2338.06 - lr: 0.100000
2023-04-09 20:35:02,966 epoch 5 - iter 50/101 - loss 0.03759244 - time (sec): 11.75 - samples/sec: 2344.82 - lr: 0.100000
2023-04-09 20:35:05,240 epoch 5 - iter 60/101 - loss 0.03670820 - time (sec): 14.02 - samples/sec: 2391.83 - lr: 0.100000
2023-04-09 20:35:07,402 epoch 5 - iter 70/101 - loss 0.03698345 - time (sec): 16.18 - samples/sec: 2410.39 - lr: 0.100000
2023-04-09 20:35:09,447 epoch 5 - iter 80/101 - loss 0.03640406 - time (sec): 18.23 - samples/sec: 2428.81 - lr: 0.100000
2023-04-09 20:35:11,618 epoch 5 - iter 90/101 - loss 0.03562010 - time (sec): 20.40 - samples/sec: 2445.41 - lr: 0.100000
2023-04-09 20:35:13,890 epoch 5 - iter 100/101 - loss 0.03455643 - time (sec): 22.67 - samples/sec: 2449.83 - lr: 0.100000
2023-04-09 20:35:14,015 ----------------------------------------------------------------------------------------------------
2023-04-09 20:35:14,016 EPOCH 5 done: loss 0.0345 - lr 0.100000
2023-04-09 20:35:25,876 Evaluating as a multi-label problem: False
2023-04-09 20:35:25,898 DEV : loss 0.13550713658332825 - f1-score (micro avg)  0.6879
2023-04-09 20:35:26,000 BAD EPOCHS (no improvement): 2
2023-04-09 20:35:26,001 ----------------------------------------------------------------------------------------------------
2023-04-09 20:35:28,636 epoch 6 - iter 10/101 - loss 0.03780630 - time (sec): 2.63 - samples/sec: 2347.87 - lr: 0.100000
2023-04-09 20:35:30,614 epoch 6 - iter 20/101 - loss 0.03416082 - time (sec): 4.61 - samples/sec: 2452.20 - lr: 0.100000
2023-04-09 20:35:32,589 epoch 6 - iter 30/101 - loss 0.03439498 - time (sec): 6.59 - samples/sec: 2552.21 - lr: 0.100000
2023-04-09 20:35:34,824 epoch 6 - iter 40/101 - loss 0.03257508 - time (sec): 8.82 - samples/sec: 2529.31 - lr: 0.100000
2023-04-09 20:35:36,913 epoch 6 - iter 50/101 - loss 0.03525417 - time (sec): 10.91 - samples/sec: 2548.74 - lr: 0.100000
2023-04-09 20:35:38,985 epoch 6 - iter 60/101 - loss 0.03338040 - time (sec): 12.98 - samples/sec: 2572.40 - lr: 0.100000
2023-04-09 20:35:41,178 epoch 6 - iter 70/101 - loss 0.03468850 - time (sec): 15.18 - samples/sec: 2571.19 - lr: 0.100000
2023-04-09 20:35:43,320 epoch 6 - iter 80/101 - loss 0.03459081 - time (sec): 17.32 - samples/sec: 2566.94 - lr: 0.100000
2023-04-09 20:35:45,475 epoch 6 - iter 90/101 - loss 0.03403094 - time (sec): 19.47 - samples/sec: 2563.99 - lr: 0.100000
2023-04-09 20:35:47,510 epoch 6 - iter 100/101 - loss 0.03384182 - time (sec): 21.51 - samples/sec: 2580.60 - lr: 0.100000
2023-04-09 20:35:47,659 ----------------------------------------------------------------------------------------------------
2023-04-09 20:35:47,660 EPOCH 6 done: loss 0.0337 - lr 0.100000
2023-04-09 20:35:59,539 Evaluating as a multi-label problem: False
2023-04-09 20:35:59,558 DEV : loss 0.1128675639629364 - f1-score (micro avg)  0.7015
2023-04-09 20:35:59,659 BAD EPOCHS (no improvement): 3
2023-04-09 20:35:59,660 ----------------------------------------------------------------------------------------------------
2023-04-09 20:36:01,739 epoch 7 - iter 10/101 - loss 0.03544573 - time (sec): 2.08 - samples/sec: 2530.16 - lr: 0.100000
2023-04-09 20:36:04,023 epoch 7 - iter 20/101 - loss 0.03660807 - time (sec): 4.36 - samples/sec: 2515.40 - lr: 0.100000
2023-04-09 20:36:06,083 epoch 7 - iter 30/101 - loss 0.03341208 - time (sec): 6.42 - samples/sec: 2535.13 - lr: 0.100000
2023-04-09 20:36:08,441 epoch 7 - iter 40/101 - loss 0.03064038 - time (sec): 8.78 - samples/sec: 2484.35 - lr: 0.100000
2023-04-09 20:36:10,732 epoch 7 - iter 50/101 - loss 0.02984052 - time (sec): 11.07 - samples/sec: 2500.18 - lr: 0.100000
2023-04-09 20:36:12,644 epoch 7 - iter 60/101 - loss 0.02927801 - time (sec): 12.98 - samples/sec: 2537.35 - lr: 0.100000
2023-04-09 20:36:15,070 epoch 7 - iter 70/101 - loss 0.02993058 - time (sec): 15.41 - samples/sec: 2529.80 - lr: 0.100000
2023-04-09 20:36:16,979 epoch 7 - iter 80/101 - loss 0.03098620 - time (sec): 17.32 - samples/sec: 2557.69 - lr: 0.100000
2023-04-09 20:36:19,089 epoch 7 - iter 90/101 - loss 0.03058979 - time (sec): 19.43 - samples/sec: 2571.42 - lr: 0.100000
2023-04-09 20:36:21,398 epoch 7 - iter 100/101 - loss 0.03129549 - time (sec): 21.74 - samples/sec: 2556.19 - lr: 0.100000
2023-04-09 20:36:21,466 ----------------------------------------------------------------------------------------------------
2023-04-09 20:36:21,467 EPOCH 7 done: loss 0.0313 - lr 0.100000
2023-04-09 20:36:32,807 Evaluating as a multi-label problem: False
2023-04-09 20:36:32,827 DEV : loss 0.1072746142745018 - f1-score (micro avg)  0.6953
2023-04-09 20:36:32,933 Epoch     7: reducing learning rate of group 0 to 5.0000e-02.
2023-04-09 20:36:32,934 BAD EPOCHS (no improvement): 4
2023-04-09 20:36:32,937 ----------------------------------------------------------------------------------------------------
2023-04-09 20:36:35,034 epoch 8 - iter 10/101 - loss 0.02976277 - time (sec): 2.10 - samples/sec: 2617.36 - lr: 0.050000
2023-04-09 20:36:37,369 epoch 8 - iter 20/101 - loss 0.03097739 - time (sec): 4.43 - samples/sec: 2606.67 - lr: 0.050000
2023-04-09 20:36:39,597 epoch 8 - iter 30/101 - loss 0.02900023 - time (sec): 6.66 - samples/sec: 2596.20 - lr: 0.050000
2023-04-09 20:36:41,804 epoch 8 - iter 40/101 - loss 0.02936101 - time (sec): 8.87 - samples/sec: 2588.93 - lr: 0.050000
2023-04-09 20:36:44,102 epoch 8 - iter 50/101 - loss 0.02986593 - time (sec): 11.16 - samples/sec: 2531.38 - lr: 0.050000
2023-04-09 20:36:46,096 epoch 8 - iter 60/101 - loss 0.03054304 - time (sec): 13.16 - samples/sec: 2555.35 - lr: 0.050000
2023-04-09 20:36:48,275 epoch 8 - iter 70/101 - loss 0.02954646 - time (sec): 15.34 - samples/sec: 2560.43 - lr: 0.050000
2023-04-09 20:36:50,180 epoch 8 - iter 80/101 - loss 0.02921127 - time (sec): 17.24 - samples/sec: 2584.96 - lr: 0.050000
2023-04-09 20:36:52,418 epoch 8 - iter 90/101 - loss 0.02870404 - time (sec): 19.48 - samples/sec: 2568.19 - lr: 0.050000
2023-04-09 20:36:54,434 epoch 8 - iter 100/101 - loss 0.02818825 - time (sec): 21.50 - samples/sec: 2583.73 - lr: 0.050000
2023-04-09 20:36:54,512 ----------------------------------------------------------------------------------------------------
2023-04-09 20:36:54,513 EPOCH 8 done: loss 0.0282 - lr 0.050000
2023-04-09 20:37:06,074 Evaluating as a multi-label problem: False
2023-04-09 20:37:06,093 DEV : loss 0.10415846109390259 - f1-score (micro avg)  0.6998
2023-04-09 20:37:06,194 BAD EPOCHS (no improvement): 1
2023-04-09 20:37:06,196 ----------------------------------------------------------------------------------------------------
2023-04-09 20:37:08,341 epoch 9 - iter 10/101 - loss 0.02567105 - time (sec): 2.14 - samples/sec: 2473.34 - lr: 0.050000
2023-04-09 20:37:10,441 epoch 9 - iter 20/101 - loss 0.02209915 - time (sec): 4.24 - samples/sec: 2592.46 - lr: 0.050000
2023-04-09 20:37:12,594 epoch 9 - iter 30/101 - loss 0.02313815 - time (sec): 6.40 - samples/sec: 2591.91 - lr: 0.050000
2023-04-09 20:37:14,733 epoch 9 - iter 40/101 - loss 0.02463684 - time (sec): 8.54 - samples/sec: 2611.50 - lr: 0.050000
2023-04-09 20:37:17,027 epoch 9 - iter 50/101 - loss 0.02564875 - time (sec): 10.83 - samples/sec: 2587.41 - lr: 0.050000
2023-04-09 20:37:19,052 epoch 9 - iter 60/101 - loss 0.02599328 - time (sec): 12.85 - samples/sec: 2598.07 - lr: 0.050000
2023-04-09 20:37:21,232 epoch 9 - iter 70/101 - loss 0.02558574 - time (sec): 15.03 - samples/sec: 2585.32 - lr: 0.050000
2023-04-09 20:37:23,380 epoch 9 - iter 80/101 - loss 0.02630922 - time (sec): 17.18 - samples/sec: 2590.95 - lr: 0.050000
2023-04-09 20:37:25,684 epoch 9 - iter 90/101 - loss 0.02514039 - time (sec): 19.49 - samples/sec: 2583.38 - lr: 0.050000
2023-04-09 20:37:27,844 epoch 9 - iter 100/101 - loss 0.02497812 - time (sec): 21.65 - samples/sec: 2563.75 - lr: 0.050000
2023-04-09 20:37:27,938 ----------------------------------------------------------------------------------------------------
2023-04-09 20:37:27,939 EPOCH 9 done: loss 0.0249 - lr 0.050000
2023-04-09 20:37:39,638 Evaluating as a multi-label problem: False
2023-04-09 20:37:39,657 DEV : loss 0.10100355744361877 - f1-score (micro avg)  0.7005
2023-04-09 20:37:39,762 BAD EPOCHS (no improvement): 2
2023-04-09 20:37:39,764 ----------------------------------------------------------------------------------------------------
2023-04-09 20:37:41,954 epoch 10 - iter 10/101 - loss 0.02469592 - time (sec): 2.19 - samples/sec: 2589.15 - lr: 0.050000
2023-04-09 20:37:44,198 epoch 10 - iter 20/101 - loss 0.02692625 - time (sec): 4.43 - samples/sec: 2556.60 - lr: 0.050000
2023-04-09 20:37:46,199 epoch 10 - iter 30/101 - loss 0.02410271 - time (sec): 6.43 - samples/sec: 2611.49 - lr: 0.050000
2023-04-09 20:37:48,353 epoch 10 - iter 40/101 - loss 0.02455720 - time (sec): 8.59 - samples/sec: 2616.72 - lr: 0.050000
2023-04-09 20:37:50,188 epoch 10 - iter 50/101 - loss 0.02423006 - time (sec): 10.42 - samples/sec: 2640.27 - lr: 0.050000
2023-04-09 20:37:52,560 epoch 10 - iter 60/101 - loss 0.02539763 - time (sec): 12.79 - samples/sec: 2575.49 - lr: 0.050000
2023-04-09 20:37:54,853 epoch 10 - iter 70/101 - loss 0.02482556 - time (sec): 15.09 - samples/sec: 2570.27 - lr: 0.050000
2023-04-09 20:37:57,222 epoch 10 - iter 80/101 - loss 0.02528111 - time (sec): 17.46 - samples/sec: 2553.72 - lr: 0.050000
2023-04-09 20:37:59,161 epoch 10 - iter 90/101 - loss 0.02498557 - time (sec): 19.39 - samples/sec: 2578.84 - lr: 0.050000
2023-04-09 20:38:01,262 epoch 10 - iter 100/101 - loss 0.02558491 - time (sec): 21.50 - samples/sec: 2579.88 - lr: 0.050000
2023-04-09 20:38:01,475 ----------------------------------------------------------------------------------------------------
2023-04-09 20:38:01,476 EPOCH 10 done: loss 0.0256 - lr 0.050000
2023-04-09 20:38:12,861 Evaluating as a multi-label problem: False
2023-04-09 20:38:12,884 DEV : loss 0.080609031021595 - f1-score (micro avg)  0.7195
2023-04-09 20:38:12,988 BAD EPOCHS (no improvement): 0
2023-04-09 20:38:12,989 saving best model
2023-04-09 20:38:14,557 ----------------------------------------------------------------------------------------------------
2023-04-09 20:38:16,901 epoch 11 - iter 10/101 - loss 0.03328879 - time (sec): 2.34 - samples/sec: 2244.66 - lr: 0.050000
2023-04-09 20:38:18,951 epoch 11 - iter 20/101 - loss 0.02686604 - time (sec): 4.39 - samples/sec: 2439.32 - lr: 0.050000
2023-04-09 20:38:21,250 epoch 11 - iter 30/101 - loss 0.02441856 - time (sec): 6.69 - samples/sec: 2456.93 - lr: 0.050000
2023-04-09 20:38:23,675 epoch 11 - iter 40/101 - loss 0.02453251 - time (sec): 9.12 - samples/sec: 2493.76 - lr: 0.050000
2023-04-09 20:38:26,083 epoch 11 - iter 50/101 - loss 0.02447530 - time (sec): 11.52 - samples/sec: 2477.44 - lr: 0.050000
2023-04-09 20:38:28,260 epoch 11 - iter 60/101 - loss 0.02473814 - time (sec): 13.70 - samples/sec: 2479.96 - lr: 0.050000
2023-04-09 20:38:30,429 epoch 11 - iter 70/101 - loss 0.02485999 - time (sec): 15.87 - samples/sec: 2457.80 - lr: 0.050000
2023-04-09 20:38:32,647 epoch 11 - iter 80/101 - loss 0.02445348 - time (sec): 18.09 - samples/sec: 2456.75 - lr: 0.050000
2023-04-09 20:38:34,700 epoch 11 - iter 90/101 - loss 0.02342185 - time (sec): 20.14 - samples/sec: 2478.61 - lr: 0.050000
2023-04-09 20:38:36,973 epoch 11 - iter 100/101 - loss 0.02366417 - time (sec): 22.41 - samples/sec: 2477.78 - lr: 0.050000
2023-04-09 20:38:37,051 ----------------------------------------------------------------------------------------------------
2023-04-09 20:38:37,052 EPOCH 11 done: loss 0.0238 - lr 0.050000
2023-04-09 20:38:48,829 Evaluating as a multi-label problem: False
2023-04-09 20:38:48,849 DEV : loss 0.07630562037229538 - f1-score (micro avg)  0.7246
2023-04-09 20:38:48,953 BAD EPOCHS (no improvement): 0
2023-04-09 20:38:48,956 saving best model
2023-04-09 20:38:50,462 ----------------------------------------------------------------------------------------------------
2023-04-09 20:38:52,717 epoch 12 - iter 10/101 - loss 0.01820847 - time (sec): 2.25 - samples/sec: 2397.12 - lr: 0.050000
2023-04-09 20:38:55,230 epoch 12 - iter 20/101 - loss 0.02155702 - time (sec): 4.77 - samples/sec: 2403.77 - lr: 0.050000
2023-04-09 20:38:57,572 epoch 12 - iter 30/101 - loss 0.02142021 - time (sec): 7.11 - samples/sec: 2434.35 - lr: 0.050000
2023-04-09 20:38:59,637 epoch 12 - iter 40/101 - loss 0.02132319 - time (sec): 9.17 - samples/sec: 2459.75 - lr: 0.050000
2023-04-09 20:39:01,873 epoch 12 - iter 50/101 - loss 0.02150267 - time (sec): 11.41 - samples/sec: 2473.53 - lr: 0.050000
2023-04-09 20:39:04,039 epoch 12 - iter 60/101 - loss 0.02197005 - time (sec): 13.58 - samples/sec: 2476.99 - lr: 0.050000
2023-04-09 20:39:06,399 epoch 12 - iter 70/101 - loss 0.02158463 - time (sec): 15.94 - samples/sec: 2443.28 - lr: 0.050000
2023-04-09 20:39:08,488 epoch 12 - iter 80/101 - loss 0.02200347 - time (sec): 18.02 - samples/sec: 2469.02 - lr: 0.050000
2023-04-09 20:39:10,574 epoch 12 - iter 90/101 - loss 0.02215459 - time (sec): 20.11 - samples/sec: 2479.94 - lr: 0.050000
2023-04-09 20:39:12,824 epoch 12 - iter 100/101 - loss 0.02213556 - time (sec): 22.36 - samples/sec: 2482.24 - lr: 0.050000
2023-04-09 20:39:12,933 ----------------------------------------------------------------------------------------------------
2023-04-09 20:39:12,934 EPOCH 12 done: loss 0.0222 - lr 0.050000
2023-04-09 20:39:24,461 Evaluating as a multi-label problem: False
2023-04-09 20:39:24,479 DEV : loss 0.06317901611328125 - f1-score (micro avg)  0.7543
2023-04-09 20:39:24,587 BAD EPOCHS (no improvement): 0
2023-04-09 20:39:24,588 saving best model
2023-04-09 20:39:26,186 ----------------------------------------------------------------------------------------------------
2023-04-09 20:39:28,364 epoch 13 - iter 10/101 - loss 0.01953854 - time (sec): 2.18 - samples/sec: 2431.31 - lr: 0.050000
2023-04-09 20:39:31,111 epoch 13 - iter 20/101 - loss 0.02215440 - time (sec): 4.92 - samples/sec: 2230.32 - lr: 0.050000
2023-04-09 20:39:33,100 epoch 13 - iter 30/101 - loss 0.02081089 - time (sec): 6.91 - samples/sec: 2406.21 - lr: 0.050000
2023-04-09 20:39:35,445 epoch 13 - iter 40/101 - loss 0.02283296 - time (sec): 9.26 - samples/sec: 2430.22 - lr: 0.050000
2023-04-09 20:39:37,647 epoch 13 - iter 50/101 - loss 0.02253617 - time (sec): 11.46 - samples/sec: 2453.32 - lr: 0.050000
2023-04-09 20:39:39,856 epoch 13 - iter 60/101 - loss 0.02368385 - time (sec): 13.67 - samples/sec: 2445.20 - lr: 0.050000
2023-04-09 20:39:42,236 epoch 13 - iter 70/101 - loss 0.02302191 - time (sec): 16.05 - samples/sec: 2446.32 - lr: 0.050000
2023-04-09 20:39:44,496 epoch 13 - iter 80/101 - loss 0.02329943 - time (sec): 18.31 - samples/sec: 2425.44 - lr: 0.050000
2023-04-09 20:39:46,885 epoch 13 - iter 90/101 - loss 0.02319607 - time (sec): 20.70 - samples/sec: 2418.60 - lr: 0.050000
2023-04-09 20:39:49,060 epoch 13 - iter 100/101 - loss 0.02318737 - time (sec): 22.87 - samples/sec: 2429.22 - lr: 0.050000
2023-04-09 20:39:49,152 ----------------------------------------------------------------------------------------------------
2023-04-09 20:39:49,154 EPOCH 13 done: loss 0.0232 - lr 0.050000
2023-04-09 20:40:01,514 Evaluating as a multi-label problem: False
2023-04-09 20:40:01,552 DEV : loss 0.08372616022825241 - f1-score (micro avg)  0.7123
2023-04-09 20:40:01,665 BAD EPOCHS (no improvement): 1
2023-04-09 20:40:01,667 ----------------------------------------------------------------------------------------------------
2023-04-09 20:40:04,142 epoch 14 - iter 10/101 - loss 0.01624292 - time (sec): 2.47 - samples/sec: 2393.25 - lr: 0.050000
2023-04-09 20:40:06,179 epoch 14 - iter 20/101 - loss 0.02066637 - time (sec): 4.51 - samples/sec: 2492.16 - lr: 0.050000
2023-04-09 20:40:08,649 epoch 14 - iter 30/101 - loss 0.02057833 - time (sec): 6.98 - samples/sec: 2450.84 - lr: 0.050000
2023-04-09 20:40:10,618 epoch 14 - iter 40/101 - loss 0.02044647 - time (sec): 8.95 - samples/sec: 2514.18 - lr: 0.050000
2023-04-09 20:40:12,667 epoch 14 - iter 50/101 - loss 0.02046139 - time (sec): 11.00 - samples/sec: 2532.41 - lr: 0.050000
2023-04-09 20:40:14,908 epoch 14 - iter 60/101 - loss 0.02197684 - time (sec): 13.24 - samples/sec: 2514.91 - lr: 0.050000
2023-04-09 20:40:17,216 epoch 14 - iter 70/101 - loss 0.02163948 - time (sec): 15.55 - samples/sec: 2509.85 - lr: 0.050000
2023-04-09 20:40:19,437 epoch 14 - iter 80/101 - loss 0.02166664 - time (sec): 17.77 - samples/sec: 2499.16 - lr: 0.050000
2023-04-09 20:40:21,598 epoch 14 - iter 90/101 - loss 0.02148259 - time (sec): 19.93 - samples/sec: 2506.76 - lr: 0.050000
2023-04-09 20:40:23,727 epoch 14 - iter 100/101 - loss 0.02163281 - time (sec): 22.06 - samples/sec: 2515.29 - lr: 0.050000
2023-04-09 20:40:23,832 ----------------------------------------------------------------------------------------------------
2023-04-09 20:40:23,833 EPOCH 14 done: loss 0.0216 - lr 0.050000
2023-04-09 20:40:36,195 Evaluating as a multi-label problem: False
2023-04-09 20:40:36,216 DEV : loss 0.11258252710103989 - f1-score (micro avg)  0.7034
2023-04-09 20:40:36,323 BAD EPOCHS (no improvement): 2
2023-04-09 20:40:36,326 ----------------------------------------------------------------------------------------------------
2023-04-09 20:40:38,492 epoch 15 - iter 10/101 - loss 0.01935868 - time (sec): 2.16 - samples/sec: 2597.96 - lr: 0.050000
2023-04-09 20:40:40,668 epoch 15 - iter 20/101 - loss 0.02343728 - time (sec): 4.34 - samples/sec: 2583.03 - lr: 0.050000
2023-04-09 20:40:43,169 epoch 15 - iter 30/101 - loss 0.02510502 - time (sec): 6.84 - samples/sec: 2454.03 - lr: 0.050000
2023-04-09 20:40:45,522 epoch 15 - iter 40/101 - loss 0.02462616 - time (sec): 9.19 - samples/sec: 2465.15 - lr: 0.050000
2023-04-09 20:40:47,876 epoch 15 - iter 50/101 - loss 0.02406996 - time (sec): 11.55 - samples/sec: 2444.99 - lr: 0.050000
2023-04-09 20:40:50,253 epoch 15 - iter 60/101 - loss 0.02282645 - time (sec): 13.92 - samples/sec: 2419.99 - lr: 0.050000
2023-04-09 20:40:52,478 epoch 15 - iter 70/101 - loss 0.02297184 - time (sec): 16.15 - samples/sec: 2424.35 - lr: 0.050000
2023-04-09 20:40:54,838 epoch 15 - iter 80/101 - loss 0.02198188 - time (sec): 18.51 - samples/sec: 2421.38 - lr: 0.050000
2023-04-09 20:40:56,844 epoch 15 - iter 90/101 - loss 0.02169596 - time (sec): 20.52 - samples/sec: 2449.31 - lr: 0.050000
2023-04-09 20:40:59,042 epoch 15 - iter 100/101 - loss 0.02100905 - time (sec): 22.71 - samples/sec: 2443.94 - lr: 0.050000
2023-04-09 20:40:59,151 ----------------------------------------------------------------------------------------------------
2023-04-09 20:40:59,152 EPOCH 15 done: loss 0.0210 - lr 0.050000
2023-04-09 20:41:10,410 Evaluating as a multi-label problem: False
2023-04-09 20:41:10,431 DEV : loss 0.09008409082889557 - f1-score (micro avg)  0.7247
2023-04-09 20:41:10,539 BAD EPOCHS (no improvement): 3
2023-04-09 20:41:10,540 ----------------------------------------------------------------------------------------------------
2023-04-09 20:41:12,885 epoch 16 - iter 10/101 - loss 0.01852857 - time (sec): 2.34 - samples/sec: 2299.33 - lr: 0.050000
2023-04-09 20:41:15,227 epoch 16 - iter 20/101 - loss 0.01655075 - time (sec): 4.68 - samples/sec: 2309.74 - lr: 0.050000
2023-04-09 20:41:17,566 epoch 16 - iter 30/101 - loss 0.01703278 - time (sec): 7.02 - samples/sec: 2297.73 - lr: 0.050000
2023-04-09 20:41:19,772 epoch 16 - iter 40/101 - loss 0.01977237 - time (sec): 9.23 - samples/sec: 2334.81 - lr: 0.050000
2023-04-09 20:41:22,098 epoch 16 - iter 50/101 - loss 0.01882762 - time (sec): 11.56 - samples/sec: 2336.77 - lr: 0.050000
2023-04-09 20:41:24,418 epoch 16 - iter 60/101 - loss 0.01894061 - time (sec): 13.88 - samples/sec: 2348.03 - lr: 0.050000
2023-04-09 20:41:26,835 epoch 16 - iter 70/101 - loss 0.01886350 - time (sec): 16.29 - samples/sec: 2356.06 - lr: 0.050000
2023-04-09 20:41:29,092 epoch 16 - iter 80/101 - loss 0.01930696 - time (sec): 18.55 - samples/sec: 2366.05 - lr: 0.050000
2023-04-09 20:41:31,365 epoch 16 - iter 90/101 - loss 0.01939954 - time (sec): 20.82 - samples/sec: 2378.78 - lr: 0.050000
2023-04-09 20:41:33,884 epoch 16 - iter 100/101 - loss 0.01902294 - time (sec): 23.34 - samples/sec: 2378.30 - lr: 0.050000
2023-04-09 20:41:33,963 ----------------------------------------------------------------------------------------------------
2023-04-09 20:41:33,964 EPOCH 16 done: loss 0.0190 - lr 0.050000
2023-04-09 20:41:45,458 Evaluating as a multi-label problem: False
2023-04-09 20:41:45,477 DEV : loss 0.08734961599111557 - f1-score (micro avg)  0.7172
2023-04-09 20:41:45,591 Epoch    16: reducing learning rate of group 0 to 2.5000e-02.
2023-04-09 20:41:45,593 BAD EPOCHS (no improvement): 4
2023-04-09 20:41:45,595 ----------------------------------------------------------------------------------------------------
2023-04-09 20:41:48,041 epoch 17 - iter 10/101 - loss 0.02124002 - time (sec): 2.45 - samples/sec: 2299.44 - lr: 0.025000
2023-04-09 20:41:50,125 epoch 17 - iter 20/101 - loss 0.01882392 - time (sec): 4.53 - samples/sec: 2451.20 - lr: 0.025000
2023-04-09 20:41:52,116 epoch 17 - iter 30/101 - loss 0.01708577 - time (sec): 6.52 - samples/sec: 2498.39 - lr: 0.025000
2023-04-09 20:41:54,321 epoch 17 - iter 40/101 - loss 0.01746672 - time (sec): 8.72 - samples/sec: 2505.83 - lr: 0.025000
2023-04-09 20:41:56,360 epoch 17 - iter 50/101 - loss 0.01837541 - time (sec): 10.76 - samples/sec: 2528.28 - lr: 0.025000
2023-04-09 20:41:58,506 epoch 17 - iter 60/101 - loss 0.01825898 - time (sec): 12.91 - samples/sec: 2516.52 - lr: 0.025000
2023-04-09 20:42:00,868 epoch 17 - iter 70/101 - loss 0.01794088 - time (sec): 15.27 - samples/sec: 2521.43 - lr: 0.025000
2023-04-09 20:42:03,362 epoch 17 - iter 80/101 - loss 0.01745208 - time (sec): 17.77 - samples/sec: 2486.48 - lr: 0.025000
2023-04-09 20:42:05,571 epoch 17 - iter 90/101 - loss 0.01770980 - time (sec): 19.97 - samples/sec: 2483.88 - lr: 0.025000
2023-04-09 20:42:08,176 epoch 17 - iter 100/101 - loss 0.01846449 - time (sec): 22.58 - samples/sec: 2458.46 - lr: 0.025000
2023-04-09 20:42:08,273 ----------------------------------------------------------------------------------------------------
2023-04-09 20:42:08,274 EPOCH 17 done: loss 0.0185 - lr 0.025000
2023-04-09 20:42:20,428 Evaluating as a multi-label problem: False
2023-04-09 20:42:20,457 DEV : loss 0.08787541836500168 - f1-score (micro avg)  0.7173
2023-04-09 20:42:20,584 BAD EPOCHS (no improvement): 1
2023-04-09 20:42:20,587 ----------------------------------------------------------------------------------------------------
2023-04-09 20:42:23,626 epoch 18 - iter 10/101 - loss 0.01359859 - time (sec): 3.04 - samples/sec: 1899.30 - lr: 0.025000
2023-04-09 20:42:26,051 epoch 18 - iter 20/101 - loss 0.01402268 - time (sec): 5.46 - samples/sec: 2031.04 - lr: 0.025000
2023-04-09 20:42:28,685 epoch 18 - iter 30/101 - loss 0.01632540 - time (sec): 8.10 - samples/sec: 2050.46 - lr: 0.025000
2023-04-09 20:42:31,124 epoch 18 - iter 40/101 - loss 0.01733621 - time (sec): 10.54 - samples/sec: 2134.95 - lr: 0.025000
2023-04-09 20:42:33,720 epoch 18 - iter 50/101 - loss 0.01741281 - time (sec): 13.13 - samples/sec: 2145.94 - lr: 0.025000
2023-04-09 20:42:35,860 epoch 18 - iter 60/101 - loss 0.01783268 - time (sec): 15.27 - samples/sec: 2185.82 - lr: 0.025000
2023-04-09 20:42:38,176 epoch 18 - iter 70/101 - loss 0.01824221 - time (sec): 17.59 - samples/sec: 2212.30 - lr: 0.025000
2023-04-09 20:42:40,336 epoch 18 - iter 80/101 - loss 0.01831146 - time (sec): 19.75 - samples/sec: 2231.44 - lr: 0.025000
2023-04-09 20:42:43,023 epoch 18 - iter 90/101 - loss 0.01875833 - time (sec): 22.44 - samples/sec: 2223.55 - lr: 0.025000
2023-04-09 20:42:45,262 epoch 18 - iter 100/101 - loss 0.01852555 - time (sec): 24.67 - samples/sec: 2251.78 - lr: 0.025000
2023-04-09 20:42:45,338 ----------------------------------------------------------------------------------------------------
2023-04-09 20:42:45,340 EPOCH 18 done: loss 0.0185 - lr 0.025000
2023-04-09 20:42:57,012 Evaluating as a multi-label problem: False
2023-04-09 20:42:57,031 DEV : loss 0.09523846209049225 - f1-score (micro avg)  0.7059
2023-04-09 20:42:57,134 BAD EPOCHS (no improvement): 2
2023-04-09 20:42:57,137 ----------------------------------------------------------------------------------------------------
2023-04-09 20:42:59,580 epoch 19 - iter 10/101 - loss 0.01224513 - time (sec): 2.44 - samples/sec: 2245.77 - lr: 0.025000
2023-04-09 20:43:02,181 epoch 19 - iter 20/101 - loss 0.01598061 - time (sec): 5.04 - samples/sec: 2270.53 - lr: 0.025000
2023-04-09 20:43:04,588 epoch 19 - iter 30/101 - loss 0.01683729 - time (sec): 7.45 - samples/sec: 2287.47 - lr: 0.025000
2023-04-09 20:43:07,344 epoch 19 - iter 40/101 - loss 0.01766451 - time (sec): 10.21 - samples/sec: 2210.23 - lr: 0.025000
2023-04-09 20:43:09,798 epoch 19 - iter 50/101 - loss 0.01715168 - time (sec): 12.66 - samples/sec: 2230.30 - lr: 0.025000
2023-04-09 20:43:12,064 epoch 19 - iter 60/101 - loss 0.01717960 - time (sec): 14.93 - samples/sec: 2278.95 - lr: 0.025000
2023-04-09 20:43:14,285 epoch 19 - iter 70/101 - loss 0.01942304 - time (sec): 17.15 - samples/sec: 2298.45 - lr: 0.025000
2023-04-09 20:43:16,438 epoch 19 - iter 80/101 - loss 0.01877137 - time (sec): 19.30 - samples/sec: 2317.35 - lr: 0.025000
2023-04-09 20:43:18,551 epoch 19 - iter 90/101 - loss 0.01927716 - time (sec): 21.41 - samples/sec: 2330.74 - lr: 0.025000
2023-04-09 20:43:20,942 epoch 19 - iter 100/101 - loss 0.01907770 - time (sec): 23.80 - samples/sec: 2329.20 - lr: 0.025000
2023-04-09 20:43:21,112 ----------------------------------------------------------------------------------------------------
2023-04-09 20:43:21,114 EPOCH 19 done: loss 0.0190 - lr 0.025000
2023-04-09 20:43:33,305 Evaluating as a multi-label problem: False
2023-04-09 20:43:33,325 DEV : loss 0.09554967284202576 - f1-score (micro avg)  0.7099
2023-04-09 20:43:33,427 BAD EPOCHS (no improvement): 3
2023-04-09 20:43:33,429 ----------------------------------------------------------------------------------------------------
2023-04-09 20:43:35,754 epoch 20 - iter 10/101 - loss 0.01796165 - time (sec): 2.32 - samples/sec: 2324.12 - lr: 0.025000
2023-04-09 20:43:38,083 epoch 20 - iter 20/101 - loss 0.01720491 - time (sec): 4.65 - samples/sec: 2359.12 - lr: 0.025000
2023-04-09 20:43:40,430 epoch 20 - iter 30/101 - loss 0.01671999 - time (sec): 7.00 - samples/sec: 2373.64 - lr: 0.025000
2023-04-09 20:43:42,915 epoch 20 - iter 40/101 - loss 0.01614578 - time (sec): 9.48 - samples/sec: 2344.67 - lr: 0.025000
2023-04-09 20:43:45,425 epoch 20 - iter 50/101 - loss 0.01679006 - time (sec): 12.00 - samples/sec: 2338.84 - lr: 0.025000
2023-04-09 20:43:47,846 epoch 20 - iter 60/101 - loss 0.01659227 - time (sec): 14.42 - samples/sec: 2332.13 - lr: 0.025000
2023-04-09 20:43:49,962 epoch 20 - iter 70/101 - loss 0.01678139 - time (sec): 16.53 - samples/sec: 2351.68 - lr: 0.025000
2023-04-09 20:43:52,359 epoch 20 - iter 80/101 - loss 0.01681649 - time (sec): 18.93 - samples/sec: 2335.47 - lr: 0.025000
2023-04-09 20:43:54,685 epoch 20 - iter 90/101 - loss 0.01705854 - time (sec): 21.26 - samples/sec: 2338.57 - lr: 0.025000
2023-04-09 20:43:57,135 epoch 20 - iter 100/101 - loss 0.01704229 - time (sec): 23.71 - samples/sec: 2338.49 - lr: 0.025000
2023-04-09 20:43:57,263 ----------------------------------------------------------------------------------------------------
2023-04-09 20:43:57,265 EPOCH 20 done: loss 0.0170 - lr 0.025000
2023-04-09 20:44:08,777 Evaluating as a multi-label problem: False
2023-04-09 20:44:08,798 DEV : loss 0.08904749155044556 - f1-score (micro avg)  0.7231
2023-04-09 20:44:08,905 Epoch    20: reducing learning rate of group 0 to 1.2500e-02.
2023-04-09 20:44:08,907 BAD EPOCHS (no improvement): 4
2023-04-09 20:44:08,909 ----------------------------------------------------------------------------------------------------
2023-04-09 20:44:11,413 epoch 21 - iter 10/101 - loss 0.01641712 - time (sec): 2.50 - samples/sec: 2379.09 - lr: 0.012500
2023-04-09 20:44:13,810 epoch 21 - iter 20/101 - loss 0.01278630 - time (sec): 4.90 - samples/sec: 2308.95 - lr: 0.012500
2023-04-09 20:44:16,364 epoch 21 - iter 30/101 - loss 0.01292005 - time (sec): 7.45 - samples/sec: 2276.96 - lr: 0.012500
2023-04-09 20:44:18,747 epoch 21 - iter 40/101 - loss 0.01459924 - time (sec): 9.84 - samples/sec: 2282.20 - lr: 0.012500
2023-04-09 20:44:21,000 epoch 21 - iter 50/101 - loss 0.01419820 - time (sec): 12.09 - samples/sec: 2303.34 - lr: 0.012500
2023-04-09 20:44:23,193 epoch 21 - iter 60/101 - loss 0.01508792 - time (sec): 14.28 - samples/sec: 2344.14 - lr: 0.012500
2023-04-09 20:44:25,775 epoch 21 - iter 70/101 - loss 0.01500220 - time (sec): 16.87 - samples/sec: 2315.53 - lr: 0.012500
2023-04-09 20:44:28,165 epoch 21 - iter 80/101 - loss 0.01554536 - time (sec): 19.25 - samples/sec: 2312.84 - lr: 0.012500
2023-04-09 20:44:30,456 epoch 21 - iter 90/101 - loss 0.01608637 - time (sec): 21.55 - samples/sec: 2322.69 - lr: 0.012500
2023-04-09 20:44:32,625 epoch 21 - iter 100/101 - loss 0.01623578 - time (sec): 23.72 - samples/sec: 2341.25 - lr: 0.012500
2023-04-09 20:44:32,735 ----------------------------------------------------------------------------------------------------
2023-04-09 20:44:32,736 EPOCH 21 done: loss 0.0162 - lr 0.012500
2023-04-09 20:44:44,830 Evaluating as a multi-label problem: False
2023-04-09 20:44:44,851 DEV : loss 0.08923881500959396 - f1-score (micro avg)  0.7161
2023-04-09 20:44:44,951 BAD EPOCHS (no improvement): 1
2023-04-09 20:44:44,953 ----------------------------------------------------------------------------------------------------
2023-04-09 20:44:47,156 epoch 22 - iter 10/101 - loss 0.02142162 - time (sec): 2.20 - samples/sec: 2470.55 - lr: 0.012500
2023-04-09 20:44:49,399 epoch 22 - iter 20/101 - loss 0.01842359 - time (sec): 4.44 - samples/sec: 2400.12 - lr: 0.012500
2023-04-09 20:44:51,765 epoch 22 - iter 30/101 - loss 0.01627194 - time (sec): 6.81 - samples/sec: 2399.58 - lr: 0.012500
2023-04-09 20:44:54,206 epoch 22 - iter 40/101 - loss 0.01815806 - time (sec): 9.25 - samples/sec: 2390.79 - lr: 0.012500
2023-04-09 20:44:56,826 epoch 22 - iter 50/101 - loss 0.01815972 - time (sec): 11.87 - samples/sec: 2347.67 - lr: 0.012500
2023-04-09 20:44:59,403 epoch 22 - iter 60/101 - loss 0.01766197 - time (sec): 14.45 - samples/sec: 2324.97 - lr: 0.012500
2023-04-09 20:45:01,681 epoch 22 - iter 70/101 - loss 0.01674886 - time (sec): 16.73 - samples/sec: 2323.10 - lr: 0.012500
2023-04-09 20:45:03,974 epoch 22 - iter 80/101 - loss 0.01646571 - time (sec): 19.02 - samples/sec: 2324.56 - lr: 0.012500
2023-04-09 20:45:06,497 epoch 22 - iter 90/101 - loss 0.01679157 - time (sec): 21.54 - samples/sec: 2315.74 - lr: 0.012500
2023-04-09 20:45:08,857 epoch 22 - iter 100/101 - loss 0.01671514 - time (sec): 23.90 - samples/sec: 2322.33 - lr: 0.012500
2023-04-09 20:45:08,974 ----------------------------------------------------------------------------------------------------
2023-04-09 20:45:08,976 EPOCH 22 done: loss 0.0167 - lr 0.012500
2023-04-09 20:45:21,010 Evaluating as a multi-label problem: False
2023-04-09 20:45:21,030 DEV : loss 0.08916864544153214 - f1-score (micro avg)  0.724
2023-04-09 20:45:21,133 BAD EPOCHS (no improvement): 2
2023-04-09 20:45:21,135 ----------------------------------------------------------------------------------------------------
2023-04-09 20:45:23,546 epoch 23 - iter 10/101 - loss 0.01771259 - time (sec): 2.41 - samples/sec: 2378.36 - lr: 0.012500
2023-04-09 20:45:25,943 epoch 23 - iter 20/101 - loss 0.01793569 - time (sec): 4.81 - samples/sec: 2313.71 - lr: 0.012500
2023-04-09 20:45:28,540 epoch 23 - iter 30/101 - loss 0.01775179 - time (sec): 7.40 - samples/sec: 2283.57 - lr: 0.012500
2023-04-09 20:45:30,854 epoch 23 - iter 40/101 - loss 0.01636022 - time (sec): 9.72 - samples/sec: 2313.21 - lr: 0.012500
2023-04-09 20:45:33,167 epoch 23 - iter 50/101 - loss 0.01606793 - time (sec): 12.03 - samples/sec: 2347.26 - lr: 0.012500
2023-04-09 20:45:35,443 epoch 23 - iter 60/101 - loss 0.01552032 - time (sec): 14.31 - samples/sec: 2341.18 - lr: 0.012500
2023-04-09 20:45:37,856 epoch 23 - iter 70/101 - loss 0.01589771 - time (sec): 16.72 - samples/sec: 2333.01 - lr: 0.012500
2023-04-09 20:45:40,370 epoch 23 - iter 80/101 - loss 0.01638115 - time (sec): 19.23 - samples/sec: 2303.22 - lr: 0.012500
2023-04-09 20:45:42,738 epoch 23 - iter 90/101 - loss 0.01649340 - time (sec): 21.60 - samples/sec: 2312.90 - lr: 0.012500
2023-04-09 20:45:45,345 epoch 23 - iter 100/101 - loss 0.01654415 - time (sec): 24.21 - samples/sec: 2294.74 - lr: 0.012500
2023-04-09 20:45:45,429 ----------------------------------------------------------------------------------------------------
2023-04-09 20:45:45,430 EPOCH 23 done: loss 0.0165 - lr 0.012500
2023-04-09 20:45:57,048 Evaluating as a multi-label problem: False
2023-04-09 20:45:57,069 DEV : loss 0.08741326630115509 - f1-score (micro avg)  0.7229
2023-04-09 20:45:57,181 BAD EPOCHS (no improvement): 3
2023-04-09 20:45:57,183 ----------------------------------------------------------------------------------------------------
2023-04-09 20:45:59,960 epoch 24 - iter 10/101 - loss 0.01504747 - time (sec): 2.78 - samples/sec: 2008.63 - lr: 0.012500
2023-04-09 20:46:02,359 epoch 24 - iter 20/101 - loss 0.01478585 - time (sec): 5.17 - samples/sec: 2165.49 - lr: 0.012500
2023-04-09 20:46:04,959 epoch 24 - iter 30/101 - loss 0.01536051 - time (sec): 7.77 - samples/sec: 2161.61 - lr: 0.012500
2023-04-09 20:46:07,326 epoch 24 - iter 40/101 - loss 0.01501214 - time (sec): 10.14 - samples/sec: 2205.17 - lr: 0.012500
2023-04-09 20:46:09,895 epoch 24 - iter 50/101 - loss 0.01513853 - time (sec): 12.71 - samples/sec: 2223.55 - lr: 0.012500
2023-04-09 20:46:12,103 epoch 24 - iter 60/101 - loss 0.01587786 - time (sec): 14.92 - samples/sec: 2253.14 - lr: 0.012500
2023-04-09 20:46:14,524 epoch 24 - iter 70/101 - loss 0.01538090 - time (sec): 17.34 - samples/sec: 2255.31 - lr: 0.012500
2023-04-09 20:46:16,784 epoch 24 - iter 80/101 - loss 0.01573476 - time (sec): 19.60 - samples/sec: 2275.92 - lr: 0.012500
2023-04-09 20:46:19,183 epoch 24 - iter 90/101 - loss 0.01564366 - time (sec): 22.00 - samples/sec: 2270.04 - lr: 0.012500
2023-04-09 20:46:21,394 epoch 24 - iter 100/101 - loss 0.01554215 - time (sec): 24.21 - samples/sec: 2293.95 - lr: 0.012500
2023-04-09 20:46:21,476 ----------------------------------------------------------------------------------------------------
2023-04-09 20:46:21,477 EPOCH 24 done: loss 0.0155 - lr 0.012500
2023-04-09 20:46:33,738 Evaluating as a multi-label problem: False
2023-04-09 20:46:33,758 DEV : loss 0.09423714876174927 - f1-score (micro avg)  0.7195
2023-04-09 20:46:33,857 Epoch    24: reducing learning rate of group 0 to 6.2500e-03.
2023-04-09 20:46:33,859 BAD EPOCHS (no improvement): 4
2023-04-09 20:46:33,861 ----------------------------------------------------------------------------------------------------
2023-04-09 20:46:36,210 epoch 25 - iter 10/101 - loss 0.01029230 - time (sec): 2.35 - samples/sec: 2317.96 - lr: 0.006250
2023-04-09 20:46:38,718 epoch 25 - iter 20/101 - loss 0.01431354 - time (sec): 4.86 - samples/sec: 2326.35 - lr: 0.006250
2023-04-09 20:46:41,267 epoch 25 - iter 30/101 - loss 0.01398970 - time (sec): 7.41 - samples/sec: 2282.14 - lr: 0.006250
2023-04-09 20:46:43,689 epoch 25 - iter 40/101 - loss 0.01322740 - time (sec): 9.83 - samples/sec: 2261.94 - lr: 0.006250
2023-04-09 20:46:46,093 epoch 25 - iter 50/101 - loss 0.01288692 - time (sec): 12.23 - samples/sec: 2304.02 - lr: 0.006250
2023-04-09 20:46:48,266 epoch 25 - iter 60/101 - loss 0.01275934 - time (sec): 14.40 - samples/sec: 2305.36 - lr: 0.006250
2023-04-09 20:46:50,905 epoch 25 - iter 70/101 - loss 0.01250288 - time (sec): 17.04 - samples/sec: 2272.91 - lr: 0.006250
2023-04-09 20:46:53,313 epoch 25 - iter 80/101 - loss 0.01344536 - time (sec): 19.45 - samples/sec: 2292.41 - lr: 0.006250
2023-04-09 20:46:55,823 epoch 25 - iter 90/101 - loss 0.01422623 - time (sec): 21.96 - samples/sec: 2288.25 - lr: 0.006250
2023-04-09 20:46:58,083 epoch 25 - iter 100/101 - loss 0.01437398 - time (sec): 24.22 - samples/sec: 2292.47 - lr: 0.006250
2023-04-09 20:46:58,174 ----------------------------------------------------------------------------------------------------
2023-04-09 20:46:58,175 EPOCH 25 done: loss 0.0144 - lr 0.006250
2023-04-09 20:47:09,993 Evaluating as a multi-label problem: False
2023-04-09 20:47:10,011 DEV : loss 0.09332618117332458 - f1-score (micro avg)  0.7214
2023-04-09 20:47:10,112 BAD EPOCHS (no improvement): 1
2023-04-09 20:47:10,114 ----------------------------------------------------------------------------------------------------
2023-04-09 20:47:12,252 epoch 26 - iter 10/101 - loss 0.01229202 - time (sec): 2.14 - samples/sec: 2534.85 - lr: 0.006250
2023-04-09 20:47:14,743 epoch 26 - iter 20/101 - loss 0.01661520 - time (sec): 4.63 - samples/sec: 2381.83 - lr: 0.006250
2023-04-09 20:47:17,035 epoch 26 - iter 30/101 - loss 0.01597546 - time (sec): 6.92 - samples/sec: 2386.36 - lr: 0.006250
2023-04-09 20:47:19,980 epoch 26 - iter 40/101 - loss 0.01548373 - time (sec): 9.87 - samples/sec: 2245.91 - lr: 0.006250
2023-04-09 20:47:22,640 epoch 26 - iter 50/101 - loss 0.01568193 - time (sec): 12.53 - samples/sec: 2226.15 - lr: 0.006250
2023-04-09 20:47:25,103 epoch 26 - iter 60/101 - loss 0.01450308 - time (sec): 14.99 - samples/sec: 2217.20 - lr: 0.006250
2023-04-09 20:47:27,433 epoch 26 - iter 70/101 - loss 0.01429324 - time (sec): 17.32 - samples/sec: 2225.48 - lr: 0.006250
2023-04-09 20:47:29,926 epoch 26 - iter 80/101 - loss 0.01482909 - time (sec): 19.81 - samples/sec: 2239.71 - lr: 0.006250
2023-04-09 20:47:32,616 epoch 26 - iter 90/101 - loss 0.01528596 - time (sec): 22.50 - samples/sec: 2217.56 - lr: 0.006250
2023-04-09 20:47:35,058 epoch 26 - iter 100/101 - loss 0.01554528 - time (sec): 24.94 - samples/sec: 2226.58 - lr: 0.006250
2023-04-09 20:47:35,144 ----------------------------------------------------------------------------------------------------
2023-04-09 20:47:35,146 EPOCH 26 done: loss 0.0156 - lr 0.006250
2023-04-09 20:47:46,745 Evaluating as a multi-label problem: False
2023-04-09 20:47:46,763 DEV : loss 0.0825178325176239 - f1-score (micro avg)  0.737
2023-04-09 20:47:46,871 BAD EPOCHS (no improvement): 2
2023-04-09 20:47:46,874 ----------------------------------------------------------------------------------------------------
2023-04-09 20:47:49,294 epoch 27 - iter 10/101 - loss 0.00947011 - time (sec): 2.42 - samples/sec: 2186.23 - lr: 0.006250
2023-04-09 20:47:51,453 epoch 27 - iter 20/101 - loss 0.01658757 - time (sec): 4.58 - samples/sec: 2309.14 - lr: 0.006250
2023-04-09 20:47:54,010 epoch 27 - iter 30/101 - loss 0.01451601 - time (sec): 7.14 - samples/sec: 2285.56 - lr: 0.006250
2023-04-09 20:47:56,324 epoch 27 - iter 40/101 - loss 0.01498440 - time (sec): 9.45 - samples/sec: 2315.75 - lr: 0.006250
2023-04-09 20:47:58,853 epoch 27 - iter 50/101 - loss 0.01583196 - time (sec): 11.98 - samples/sec: 2292.20 - lr: 0.006250
2023-04-09 20:48:01,243 epoch 27 - iter 60/101 - loss 0.01537015 - time (sec): 14.37 - samples/sec: 2286.76 - lr: 0.006250
2023-04-09 20:48:03,472 epoch 27 - iter 70/101 - loss 0.01485858 - time (sec): 16.60 - samples/sec: 2306.82 - lr: 0.006250
2023-04-09 20:48:05,831 epoch 27 - iter 80/101 - loss 0.01548389 - time (sec): 18.96 - samples/sec: 2324.46 - lr: 0.006250
2023-04-09 20:48:08,361 epoch 27 - iter 90/101 - loss 0.01465104 - time (sec): 21.49 - samples/sec: 2305.41 - lr: 0.006250
2023-04-09 20:48:11,058 epoch 27 - iter 100/101 - loss 0.01498268 - time (sec): 24.18 - samples/sec: 2295.84 - lr: 0.006250
2023-04-09 20:48:11,149 ----------------------------------------------------------------------------------------------------
2023-04-09 20:48:11,150 EPOCH 27 done: loss 0.0150 - lr 0.006250
2023-04-09 20:48:23,115 Evaluating as a multi-label problem: False
2023-04-09 20:48:23,135 DEV : loss 0.09189104288816452 - f1-score (micro avg)  0.7249
2023-04-09 20:48:23,240 BAD EPOCHS (no improvement): 3
2023-04-09 20:48:23,242 ----------------------------------------------------------------------------------------------------
2023-04-09 20:48:25,860 epoch 28 - iter 10/101 - loss 0.01715080 - time (sec): 2.62 - samples/sec: 2063.95 - lr: 0.006250
2023-04-09 20:48:28,413 epoch 28 - iter 20/101 - loss 0.01303558 - time (sec): 5.17 - samples/sec: 2175.97 - lr: 0.006250
2023-04-09 20:48:30,736 epoch 28 - iter 30/101 - loss 0.01521242 - time (sec): 7.49 - samples/sec: 2249.67 - lr: 0.006250
2023-04-09 20:48:33,064 epoch 28 - iter 40/101 - loss 0.01463340 - time (sec): 9.82 - samples/sec: 2301.65 - lr: 0.006250
2023-04-09 20:48:35,269 epoch 28 - iter 50/101 - loss 0.01568132 - time (sec): 12.02 - samples/sec: 2313.56 - lr: 0.006250
2023-04-09 20:48:37,449 epoch 28 - iter 60/101 - loss 0.01566572 - time (sec): 14.20 - samples/sec: 2344.81 - lr: 0.006250
2023-04-09 20:48:39,915 epoch 28 - iter 70/101 - loss 0.01517990 - time (sec): 16.67 - samples/sec: 2330.55 - lr: 0.006250
2023-04-09 20:48:42,378 epoch 28 - iter 80/101 - loss 0.01529275 - time (sec): 19.13 - samples/sec: 2325.76 - lr: 0.006250
2023-04-09 20:48:44,693 epoch 28 - iter 90/101 - loss 0.01582339 - time (sec): 21.45 - samples/sec: 2330.86 - lr: 0.006250
2023-04-09 20:48:47,003 epoch 28 - iter 100/101 - loss 0.01622477 - time (sec): 23.76 - samples/sec: 2337.92 - lr: 0.006250
2023-04-09 20:48:47,079 ----------------------------------------------------------------------------------------------------
2023-04-09 20:48:47,080 EPOCH 28 done: loss 0.0162 - lr 0.006250
2023-04-09 20:48:58,768 Evaluating as a multi-label problem: False
2023-04-09 20:48:58,788 DEV : loss 0.08548669517040253 - f1-score (micro avg)  0.7355
2023-04-09 20:48:58,891 Epoch    28: reducing learning rate of group 0 to 3.1250e-03.
2023-04-09 20:48:58,894 BAD EPOCHS (no improvement): 4
2023-04-09 20:48:58,895 ----------------------------------------------------------------------------------------------------
2023-04-09 20:49:01,152 epoch 29 - iter 10/101 - loss 0.01429414 - time (sec): 2.26 - samples/sec: 2416.61 - lr: 0.003125
2023-04-09 20:49:03,540 epoch 29 - iter 20/101 - loss 0.01313440 - time (sec): 4.64 - samples/sec: 2395.90 - lr: 0.003125
2023-04-09 20:49:05,895 epoch 29 - iter 30/101 - loss 0.01397890 - time (sec): 7.00 - samples/sec: 2401.29 - lr: 0.003125
2023-04-09 20:49:08,321 epoch 29 - iter 40/101 - loss 0.01414140 - time (sec): 9.43 - samples/sec: 2352.98 - lr: 0.003125
2023-04-09 20:49:10,723 epoch 29 - iter 50/101 - loss 0.01351668 - time (sec): 11.83 - samples/sec: 2349.77 - lr: 0.003125
2023-04-09 20:49:13,153 epoch 29 - iter 60/101 - loss 0.01467048 - time (sec): 14.26 - samples/sec: 2342.76 - lr: 0.003125
2023-04-09 20:49:15,522 epoch 29 - iter 70/101 - loss 0.01450381 - time (sec): 16.63 - samples/sec: 2327.84 - lr: 0.003125
2023-04-09 20:49:17,860 epoch 29 - iter 80/101 - loss 0.01422324 - time (sec): 18.96 - samples/sec: 2329.25 - lr: 0.003125
2023-04-09 20:49:20,466 epoch 29 - iter 90/101 - loss 0.01378321 - time (sec): 21.57 - samples/sec: 2313.93 - lr: 0.003125
2023-04-09 20:49:22,912 epoch 29 - iter 100/101 - loss 0.01383898 - time (sec): 24.02 - samples/sec: 2313.42 - lr: 0.003125
2023-04-09 20:49:22,988 ----------------------------------------------------------------------------------------------------
2023-04-09 20:49:22,988 EPOCH 29 done: loss 0.0139 - lr 0.003125
2023-04-09 20:49:34,932 Evaluating as a multi-label problem: False
2023-04-09 20:49:34,952 DEV : loss 0.09458165615797043 - f1-score (micro avg)  0.7214
2023-04-09 20:49:35,067 BAD EPOCHS (no improvement): 1
2023-04-09 20:49:35,068 ----------------------------------------------------------------------------------------------------
2023-04-09 20:49:37,204 epoch 30 - iter 10/101 - loss 0.01510582 - time (sec): 2.13 - samples/sec: 2524.58 - lr: 0.003125
2023-04-09 20:49:39,688 epoch 30 - iter 20/101 - loss 0.01550130 - time (sec): 4.62 - samples/sec: 2372.53 - lr: 0.003125
2023-04-09 20:49:42,136 epoch 30 - iter 30/101 - loss 0.01555007 - time (sec): 7.07 - samples/sec: 2353.27 - lr: 0.003125
2023-04-09 20:49:44,572 epoch 30 - iter 40/101 - loss 0.01565322 - time (sec): 9.50 - samples/sec: 2342.23 - lr: 0.003125
2023-04-09 20:49:46,805 epoch 30 - iter 50/101 - loss 0.01469894 - time (sec): 11.74 - samples/sec: 2342.27 - lr: 0.003125
2023-04-09 20:49:49,453 epoch 30 - iter 60/101 - loss 0.01512323 - time (sec): 14.38 - samples/sec: 2308.07 - lr: 0.003125
2023-04-09 20:49:52,023 epoch 30 - iter 70/101 - loss 0.01437304 - time (sec): 16.95 - samples/sec: 2280.07 - lr: 0.003125
2023-04-09 20:49:54,640 epoch 30 - iter 80/101 - loss 0.01449222 - time (sec): 19.57 - samples/sec: 2266.06 - lr: 0.003125
2023-04-09 20:49:57,305 epoch 30 - iter 90/101 - loss 0.01421673 - time (sec): 22.24 - samples/sec: 2227.78 - lr: 0.003125
2023-04-09 20:50:00,312 epoch 30 - iter 100/101 - loss 0.01408774 - time (sec): 25.24 - samples/sec: 2200.06 - lr: 0.003125
2023-04-09 20:50:00,440 ----------------------------------------------------------------------------------------------------
2023-04-09 20:50:00,442 EPOCH 30 done: loss 0.0141 - lr 0.003125
2023-04-09 20:50:12,839 Evaluating as a multi-label problem: False
2023-04-09 20:50:12,857 DEV : loss 0.09133116155862808 - f1-score (micro avg)  0.7277
2023-04-09 20:50:12,955 BAD EPOCHS (no improvement): 2
2023-04-09 20:50:12,957 ----------------------------------------------------------------------------------------------------
2023-04-09 20:50:15,778 epoch 31 - iter 10/101 - loss 0.01276899 - time (sec): 2.82 - samples/sec: 2029.54 - lr: 0.003125
2023-04-09 20:50:17,859 epoch 31 - iter 20/101 - loss 0.01210079 - time (sec): 4.90 - samples/sec: 2282.37 - lr: 0.003125
2023-04-09 20:50:20,246 epoch 31 - iter 30/101 - loss 0.01292161 - time (sec): 7.29 - samples/sec: 2307.48 - lr: 0.003125
2023-04-09 20:50:22,349 epoch 31 - iter 40/101 - loss 0.01355715 - time (sec): 9.39 - samples/sec: 2379.31 - lr: 0.003125
2023-04-09 20:50:24,680 epoch 31 - iter 50/101 - loss 0.01417770 - time (sec): 11.72 - samples/sec: 2336.28 - lr: 0.003125
2023-04-09 20:50:27,620 epoch 31 - iter 60/101 - loss 0.01376973 - time (sec): 14.66 - samples/sec: 2268.85 - lr: 0.003125
2023-04-09 20:50:30,121 epoch 31 - iter 70/101 - loss 0.01416494 - time (sec): 17.16 - samples/sec: 2264.02 - lr: 0.003125
2023-04-09 20:50:32,336 epoch 31 - iter 80/101 - loss 0.01501476 - time (sec): 19.38 - samples/sec: 2281.34 - lr: 0.003125
2023-04-09 20:50:34,939 epoch 31 - iter 90/101 - loss 0.01458121 - time (sec): 21.98 - samples/sec: 2268.81 - lr: 0.003125
2023-04-09 20:50:37,339 epoch 31 - iter 100/101 - loss 0.01443375 - time (sec): 24.38 - samples/sec: 2277.80 - lr: 0.003125
2023-04-09 20:50:37,468 ----------------------------------------------------------------------------------------------------
2023-04-09 20:50:37,469 EPOCH 31 done: loss 0.0144 - lr 0.003125
2023-04-09 20:50:49,276 Evaluating as a multi-label problem: False
2023-04-09 20:50:49,296 DEV : loss 0.0914030596613884 - f1-score (micro avg)  0.7287
2023-04-09 20:50:49,398 BAD EPOCHS (no improvement): 3
2023-04-09 20:50:49,399 ----------------------------------------------------------------------------------------------------
2023-04-09 20:50:51,665 epoch 32 - iter 10/101 - loss 0.01399630 - time (sec): 2.27 - samples/sec: 2421.92 - lr: 0.003125
2023-04-09 20:50:54,351 epoch 32 - iter 20/101 - loss 0.01737768 - time (sec): 4.95 - samples/sec: 2292.15 - lr: 0.003125
2023-04-09 20:50:56,826 epoch 32 - iter 30/101 - loss 0.01678683 - time (sec): 7.43 - samples/sec: 2264.31 - lr: 0.003125
2023-04-09 20:50:59,252 epoch 32 - iter 40/101 - loss 0.01538559 - time (sec): 9.85 - samples/sec: 2252.79 - lr: 0.003125
2023-04-09 20:51:01,293 epoch 32 - iter 50/101 - loss 0.01588161 - time (sec): 11.89 - samples/sec: 2314.24 - lr: 0.003125
2023-04-09 20:51:03,646 epoch 32 - iter 60/101 - loss 0.01473219 - time (sec): 14.25 - samples/sec: 2318.83 - lr: 0.003125
2023-04-09 20:51:06,441 epoch 32 - iter 70/101 - loss 0.01454967 - time (sec): 17.04 - samples/sec: 2278.19 - lr: 0.003125
2023-04-09 20:51:08,780 epoch 32 - iter 80/101 - loss 0.01437158 - time (sec): 19.38 - samples/sec: 2275.79 - lr: 0.003125
2023-04-09 20:51:10,949 epoch 32 - iter 90/101 - loss 0.01464046 - time (sec): 21.55 - samples/sec: 2312.02 - lr: 0.003125
2023-04-09 20:51:13,361 epoch 32 - iter 100/101 - loss 0.01445400 - time (sec): 23.96 - samples/sec: 2317.58 - lr: 0.003125
2023-04-09 20:51:13,437 ----------------------------------------------------------------------------------------------------
2023-04-09 20:51:13,438 EPOCH 32 done: loss 0.0144 - lr 0.003125
2023-04-09 20:51:25,145 Evaluating as a multi-label problem: False
2023-04-09 20:51:25,166 DEV : loss 0.09433884173631668 - f1-score (micro avg)  0.7205
2023-04-09 20:51:25,274 Epoch    32: reducing learning rate of group 0 to 1.5625e-03.
2023-04-09 20:51:25,275 BAD EPOCHS (no improvement): 4
2023-04-09 20:51:25,276 ----------------------------------------------------------------------------------------------------
2023-04-09 20:51:27,752 epoch 33 - iter 10/101 - loss 0.01848153 - time (sec): 2.48 - samples/sec: 2216.52 - lr: 0.001563
2023-04-09 20:51:30,054 epoch 33 - iter 20/101 - loss 0.01786262 - time (sec): 4.78 - samples/sec: 2340.59 - lr: 0.001563
2023-04-09 20:51:32,309 epoch 33 - iter 30/101 - loss 0.01641558 - time (sec): 7.03 - samples/sec: 2346.89 - lr: 0.001563
2023-04-09 20:51:35,185 epoch 33 - iter 40/101 - loss 0.01577724 - time (sec): 9.91 - samples/sec: 2213.15 - lr: 0.001563
2023-04-09 20:51:37,902 epoch 33 - iter 50/101 - loss 0.01489163 - time (sec): 12.62 - samples/sec: 2187.58 - lr: 0.001563
2023-04-09 20:51:40,170 epoch 33 - iter 60/101 - loss 0.01567861 - time (sec): 14.89 - samples/sec: 2206.60 - lr: 0.001563
2023-04-09 20:51:42,453 epoch 33 - iter 70/101 - loss 0.01515802 - time (sec): 17.18 - samples/sec: 2231.81 - lr: 0.001563
2023-04-09 20:51:44,992 epoch 33 - iter 80/101 - loss 0.01492187 - time (sec): 19.71 - samples/sec: 2239.38 - lr: 0.001563
2023-04-09 20:51:47,536 epoch 33 - iter 90/101 - loss 0.01519710 - time (sec): 22.26 - samples/sec: 2248.90 - lr: 0.001563
2023-04-09 20:51:49,858 epoch 33 - iter 100/101 - loss 0.01481866 - time (sec): 24.58 - samples/sec: 2260.66 - lr: 0.001563
2023-04-09 20:51:49,945 ----------------------------------------------------------------------------------------------------
2023-04-09 20:51:49,946 EPOCH 33 done: loss 0.0148 - lr 0.001563
2023-04-09 20:52:01,203 Evaluating as a multi-label problem: False
2023-04-09 20:52:01,223 DEV : loss 0.09098527580499649 - f1-score (micro avg)  0.7243
2023-04-09 20:52:01,326 BAD EPOCHS (no improvement): 1
2023-04-09 20:52:01,328 ----------------------------------------------------------------------------------------------------
2023-04-09 20:52:03,512 epoch 34 - iter 10/101 - loss 0.01454053 - time (sec): 2.18 - samples/sec: 2436.99 - lr: 0.001563
2023-04-09 20:52:05,845 epoch 34 - iter 20/101 - loss 0.01654926 - time (sec): 4.51 - samples/sec: 2429.54 - lr: 0.001563
2023-04-09 20:52:08,161 epoch 34 - iter 30/101 - loss 0.01392431 - time (sec): 6.83 - samples/sec: 2407.87 - lr: 0.001563
2023-04-09 20:52:10,443 epoch 34 - iter 40/101 - loss 0.01455657 - time (sec): 9.11 - samples/sec: 2406.60 - lr: 0.001563
2023-04-09 20:52:12,860 epoch 34 - iter 50/101 - loss 0.01431058 - time (sec): 11.53 - samples/sec: 2402.27 - lr: 0.001563
2023-04-09 20:52:15,186 epoch 34 - iter 60/101 - loss 0.01471701 - time (sec): 13.86 - samples/sec: 2384.19 - lr: 0.001563
2023-04-09 20:52:17,667 epoch 34 - iter 70/101 - loss 0.01485797 - time (sec): 16.34 - samples/sec: 2379.30 - lr: 0.001563
2023-04-09 20:52:20,172 epoch 34 - iter 80/101 - loss 0.01498400 - time (sec): 18.84 - samples/sec: 2352.40 - lr: 0.001563
2023-04-09 20:52:22,518 epoch 34 - iter 90/101 - loss 0.01483055 - time (sec): 21.19 - samples/sec: 2354.76 - lr: 0.001563
2023-04-09 20:52:24,795 epoch 34 - iter 100/101 - loss 0.01480808 - time (sec): 23.46 - samples/sec: 2368.02 - lr: 0.001563
2023-04-09 20:52:24,878 ----------------------------------------------------------------------------------------------------
2023-04-09 20:52:24,879 EPOCH 34 done: loss 0.0148 - lr 0.001563
2023-04-09 20:52:37,028 Evaluating as a multi-label problem: False
2023-04-09 20:52:37,049 DEV : loss 0.09145388007164001 - f1-score (micro avg)  0.7245
2023-04-09 20:52:37,154 BAD EPOCHS (no improvement): 2
2023-04-09 20:52:37,155 ----------------------------------------------------------------------------------------------------
2023-04-09 20:52:39,356 epoch 35 - iter 10/101 - loss 0.01463847 - time (sec): 2.20 - samples/sec: 2406.64 - lr: 0.001563
2023-04-09 20:52:41,777 epoch 35 - iter 20/101 - loss 0.01584761 - time (sec): 4.62 - samples/sec: 2370.59 - lr: 0.001563
2023-04-09 20:52:44,396 epoch 35 - iter 30/101 - loss 0.01468858 - time (sec): 7.24 - samples/sec: 2340.53 - lr: 0.001563
2023-04-09 20:52:46,869 epoch 35 - iter 40/101 - loss 0.01446383 - time (sec): 9.71 - samples/sec: 2340.76 - lr: 0.001563
2023-04-09 20:52:49,024 epoch 35 - iter 50/101 - loss 0.01484895 - time (sec): 11.87 - samples/sec: 2365.62 - lr: 0.001563
2023-04-09 20:52:51,364 epoch 35 - iter 60/101 - loss 0.01501021 - time (sec): 14.21 - samples/sec: 2369.80 - lr: 0.001563
2023-04-09 20:52:53,760 epoch 35 - iter 70/101 - loss 0.01577068 - time (sec): 16.60 - samples/sec: 2363.39 - lr: 0.001563
2023-04-09 20:52:56,298 epoch 35 - iter 80/101 - loss 0.01558909 - time (sec): 19.14 - samples/sec: 2351.25 - lr: 0.001563
2023-04-09 20:52:58,592 epoch 35 - iter 90/101 - loss 0.01529596 - time (sec): 21.44 - samples/sec: 2347.02 - lr: 0.001563
2023-04-09 20:53:00,971 epoch 35 - iter 100/101 - loss 0.01526390 - time (sec): 23.81 - samples/sec: 2329.98 - lr: 0.001563
2023-04-09 20:53:01,114 ----------------------------------------------------------------------------------------------------
2023-04-09 20:53:01,115 EPOCH 35 done: loss 0.0152 - lr 0.001563
2023-04-09 20:53:12,911 Evaluating as a multi-label problem: False
2023-04-09 20:53:12,935 DEV : loss 0.09069409221410751 - f1-score (micro avg)  0.7253
2023-04-09 20:53:13,041 BAD EPOCHS (no improvement): 3
2023-04-09 20:53:13,043 ----------------------------------------------------------------------------------------------------
2023-04-09 20:53:15,700 epoch 36 - iter 10/101 - loss 0.00955806 - time (sec): 2.66 - samples/sec: 2035.80 - lr: 0.001563
2023-04-09 20:53:18,332 epoch 36 - iter 20/101 - loss 0.01066635 - time (sec): 5.29 - samples/sec: 2099.01 - lr: 0.001563
2023-04-09 20:53:20,910 epoch 36 - iter 30/101 - loss 0.01196792 - time (sec): 7.87 - samples/sec: 2131.10 - lr: 0.001563
2023-04-09 20:53:23,183 epoch 36 - iter 40/101 - loss 0.01284007 - time (sec): 10.14 - samples/sec: 2191.54 - lr: 0.001563
2023-04-09 20:53:25,486 epoch 36 - iter 50/101 - loss 0.01288517 - time (sec): 12.44 - samples/sec: 2224.93 - lr: 0.001563
2023-04-09 20:53:27,707 epoch 36 - iter 60/101 - loss 0.01371554 - time (sec): 14.66 - samples/sec: 2264.19 - lr: 0.001563
2023-04-09 20:53:29,775 epoch 36 - iter 70/101 - loss 0.01354522 - time (sec): 16.73 - samples/sec: 2297.71 - lr: 0.001563
2023-04-09 20:53:31,993 epoch 36 - iter 80/101 - loss 0.01399581 - time (sec): 18.95 - samples/sec: 2324.59 - lr: 0.001563
2023-04-09 20:53:34,385 epoch 36 - iter 90/101 - loss 0.01419531 - time (sec): 21.34 - samples/sec: 2332.85 - lr: 0.001563
2023-04-09 20:53:37,113 epoch 36 - iter 100/101 - loss 0.01471919 - time (sec): 24.07 - samples/sec: 2303.91 - lr: 0.001563
2023-04-09 20:53:37,233 ----------------------------------------------------------------------------------------------------
2023-04-09 20:53:37,234 EPOCH 36 done: loss 0.0147 - lr 0.001563
2023-04-09 20:53:48,677 Evaluating as a multi-label problem: False
2023-04-09 20:53:48,697 DEV : loss 0.08877002447843552 - f1-score (micro avg)  0.7302
2023-04-09 20:53:48,801 Epoch    36: reducing learning rate of group 0 to 7.8125e-04.
2023-04-09 20:53:48,803 BAD EPOCHS (no improvement): 4
2023-04-09 20:53:48,805 ----------------------------------------------------------------------------------------------------
2023-04-09 20:53:51,132 epoch 37 - iter 10/101 - loss 0.01024469 - time (sec): 2.33 - samples/sec: 2368.91 - lr: 0.000781
2023-04-09 20:53:53,450 epoch 37 - iter 20/101 - loss 0.01298087 - time (sec): 4.64 - samples/sec: 2361.19 - lr: 0.000781
2023-04-09 20:53:55,827 epoch 37 - iter 30/101 - loss 0.01217508 - time (sec): 7.02 - samples/sec: 2346.32 - lr: 0.000781
2023-04-09 20:53:58,387 epoch 37 - iter 40/101 - loss 0.01282947 - time (sec): 9.58 - samples/sec: 2311.96 - lr: 0.000781
2023-04-09 20:54:00,489 epoch 37 - iter 50/101 - loss 0.01408018 - time (sec): 11.68 - samples/sec: 2348.03 - lr: 0.000781
2023-04-09 20:54:02,714 epoch 37 - iter 60/101 - loss 0.01469927 - time (sec): 13.91 - samples/sec: 2349.69 - lr: 0.000781
2023-04-09 20:54:05,195 epoch 37 - iter 70/101 - loss 0.01502803 - time (sec): 16.39 - samples/sec: 2340.34 - lr: 0.000781
2023-04-09 20:54:07,658 epoch 37 - iter 80/101 - loss 0.01508715 - time (sec): 18.85 - samples/sec: 2332.17 - lr: 0.000781
2023-04-09 20:54:09,755 epoch 37 - iter 90/101 - loss 0.01471198 - time (sec): 20.95 - samples/sec: 2368.43 - lr: 0.000781
2023-04-09 20:54:12,162 epoch 37 - iter 100/101 - loss 0.01479270 - time (sec): 23.36 - samples/sec: 2377.49 - lr: 0.000781
2023-04-09 20:54:12,243 ----------------------------------------------------------------------------------------------------
2023-04-09 20:54:12,244 EPOCH 37 done: loss 0.0149 - lr 0.000781
2023-04-09 20:54:24,255 Evaluating as a multi-label problem: False
2023-04-09 20:54:24,277 DEV : loss 0.08974408358335495 - f1-score (micro avg)  0.7273
2023-04-09 20:54:24,377 BAD EPOCHS (no improvement): 1
2023-04-09 20:54:24,381 ----------------------------------------------------------------------------------------------------
2023-04-09 20:54:27,027 epoch 38 - iter 10/101 - loss 0.01805145 - time (sec): 2.65 - samples/sec: 2294.56 - lr: 0.000781
2023-04-09 20:54:29,361 epoch 38 - iter 20/101 - loss 0.01730987 - time (sec): 4.98 - samples/sec: 2285.84 - lr: 0.000781
2023-04-09 20:54:31,873 epoch 38 - iter 30/101 - loss 0.01556732 - time (sec): 7.49 - samples/sec: 2241.81 - lr: 0.000781
2023-04-09 20:54:34,238 epoch 38 - iter 40/101 - loss 0.01530274 - time (sec): 9.86 - samples/sec: 2255.14 - lr: 0.000781
2023-04-09 20:54:36,638 epoch 38 - iter 50/101 - loss 0.01423335 - time (sec): 12.26 - samples/sec: 2291.75 - lr: 0.000781
2023-04-09 20:54:39,551 epoch 38 - iter 60/101 - loss 0.01428617 - time (sec): 15.17 - samples/sec: 2224.08 - lr: 0.000781
2023-04-09 20:54:41,834 epoch 38 - iter 70/101 - loss 0.01466421 - time (sec): 17.45 - samples/sec: 2247.93 - lr: 0.000781
2023-04-09 20:54:44,454 epoch 38 - iter 80/101 - loss 0.01484521 - time (sec): 20.07 - samples/sec: 2224.13 - lr: 0.000781
2023-04-09 20:54:46,938 epoch 38 - iter 90/101 - loss 0.01450953 - time (sec): 22.56 - samples/sec: 2228.13 - lr: 0.000781
2023-04-09 20:54:49,430 epoch 38 - iter 100/101 - loss 0.01462130 - time (sec): 25.05 - samples/sec: 2217.76 - lr: 0.000781
2023-04-09 20:54:49,513 ----------------------------------------------------------------------------------------------------
2023-04-09 20:54:49,514 EPOCH 38 done: loss 0.0146 - lr 0.000781
2023-04-09 20:55:01,201 Evaluating as a multi-label problem: False
2023-04-09 20:55:01,222 DEV : loss 0.09079349040985107 - f1-score (micro avg)  0.7243
2023-04-09 20:55:01,331 BAD EPOCHS (no improvement): 2
2023-04-09 20:55:01,333 ----------------------------------------------------------------------------------------------------
2023-04-09 20:55:03,796 epoch 39 - iter 10/101 - loss 0.01681311 - time (sec): 2.46 - samples/sec: 2309.00 - lr: 0.000781
2023-04-09 20:55:06,042 epoch 39 - iter 20/101 - loss 0.01451251 - time (sec): 4.71 - samples/sec: 2325.62 - lr: 0.000781
2023-04-09 20:55:08,402 epoch 39 - iter 30/101 - loss 0.01469226 - time (sec): 7.07 - samples/sec: 2356.97 - lr: 0.000781
2023-04-09 20:55:10,833 epoch 39 - iter 40/101 - loss 0.01564676 - time (sec): 9.50 - samples/sec: 2324.70 - lr: 0.000781
2023-04-09 20:55:13,365 epoch 39 - iter 50/101 - loss 0.01493159 - time (sec): 12.03 - samples/sec: 2292.18 - lr: 0.000781
2023-04-09 20:55:15,956 epoch 39 - iter 60/101 - loss 0.01444488 - time (sec): 14.62 - samples/sec: 2272.96 - lr: 0.000781
2023-04-09 20:55:18,205 epoch 39 - iter 70/101 - loss 0.01442068 - time (sec): 16.87 - samples/sec: 2292.43 - lr: 0.000781
2023-04-09 20:55:20,813 epoch 39 - iter 80/101 - loss 0.01514195 - time (sec): 19.48 - samples/sec: 2283.82 - lr: 0.000781
2023-04-09 20:55:23,144 epoch 39 - iter 90/101 - loss 0.01448119 - time (sec): 21.81 - samples/sec: 2288.75 - lr: 0.000781
2023-04-09 20:55:25,685 epoch 39 - iter 100/101 - loss 0.01472903 - time (sec): 24.35 - samples/sec: 2282.63 - lr: 0.000781
2023-04-09 20:55:25,753 ----------------------------------------------------------------------------------------------------
2023-04-09 20:55:25,754 EPOCH 39 done: loss 0.0148 - lr 0.000781
2023-04-09 20:55:38,129 Evaluating as a multi-label problem: False
2023-04-09 20:55:38,148 DEV : loss 0.0908738300204277 - f1-score (micro avg)  0.7253
2023-04-09 20:55:38,262 BAD EPOCHS (no improvement): 3
2023-04-09 20:55:38,264 ----------------------------------------------------------------------------------------------------
2023-04-09 20:55:40,413 epoch 40 - iter 10/101 - loss 0.01396614 - time (sec): 2.15 - samples/sec: 2528.94 - lr: 0.000781
2023-04-09 20:55:42,621 epoch 40 - iter 20/101 - loss 0.01613737 - time (sec): 4.36 - samples/sec: 2493.35 - lr: 0.000781
2023-04-09 20:55:45,428 epoch 40 - iter 30/101 - loss 0.01627785 - time (sec): 7.16 - samples/sec: 2302.77 - lr: 0.000781
2023-04-09 20:55:47,881 epoch 40 - iter 40/101 - loss 0.01499697 - time (sec): 9.62 - samples/sec: 2317.11 - lr: 0.000781
2023-04-09 20:55:50,162 epoch 40 - iter 50/101 - loss 0.01513915 - time (sec): 11.90 - samples/sec: 2344.95 - lr: 0.000781
2023-04-09 20:55:52,431 epoch 40 - iter 60/101 - loss 0.01478545 - time (sec): 14.17 - samples/sec: 2342.22 - lr: 0.000781
2023-04-09 20:55:54,673 epoch 40 - iter 70/101 - loss 0.01481268 - time (sec): 16.41 - samples/sec: 2349.35 - lr: 0.000781
2023-04-09 20:55:57,351 epoch 40 - iter 80/101 - loss 0.01462700 - time (sec): 19.09 - samples/sec: 2316.39 - lr: 0.000781
2023-04-09 20:55:59,744 epoch 40 - iter 90/101 - loss 0.01517284 - time (sec): 21.48 - samples/sec: 2323.37 - lr: 0.000781
2023-04-09 20:56:02,341 epoch 40 - iter 100/101 - loss 0.01444808 - time (sec): 24.08 - samples/sec: 2309.01 - lr: 0.000781
2023-04-09 20:56:02,407 ----------------------------------------------------------------------------------------------------
2023-04-09 20:56:02,408 EPOCH 40 done: loss 0.0144 - lr 0.000781
2023-04-09 20:56:14,669 Evaluating as a multi-label problem: False
2023-04-09 20:56:14,689 DEV : loss 0.09133552759885788 - f1-score (micro avg)  0.7249
2023-04-09 20:56:14,793 Epoch    40: reducing learning rate of group 0 to 3.9063e-04.
2023-04-09 20:56:14,796 BAD EPOCHS (no improvement): 4
2023-04-09 20:56:14,798 ----------------------------------------------------------------------------------------------------
2023-04-09 20:56:17,339 epoch 41 - iter 10/101 - loss 0.01001603 - time (sec): 2.54 - samples/sec: 2209.30 - lr: 0.000391
2023-04-09 20:56:19,736 epoch 41 - iter 20/101 - loss 0.01386726 - time (sec): 4.94 - samples/sec: 2298.05 - lr: 0.000391
2023-04-09 20:56:22,116 epoch 41 - iter 30/101 - loss 0.01434751 - time (sec): 7.32 - samples/sec: 2309.55 - lr: 0.000391
2023-04-09 20:56:24,481 epoch 41 - iter 40/101 - loss 0.01477479 - time (sec): 9.68 - samples/sec: 2307.39 - lr: 0.000391
2023-04-09 20:56:26,951 epoch 41 - iter 50/101 - loss 0.01510051 - time (sec): 12.15 - samples/sec: 2284.85 - lr: 0.000391
2023-04-09 20:56:29,374 epoch 41 - iter 60/101 - loss 0.01452590 - time (sec): 14.58 - samples/sec: 2303.36 - lr: 0.000391
2023-04-09 20:56:31,652 epoch 41 - iter 70/101 - loss 0.01389156 - time (sec): 16.85 - samples/sec: 2310.08 - lr: 0.000391
2023-04-09 20:56:34,254 epoch 41 - iter 80/101 - loss 0.01508075 - time (sec): 19.46 - samples/sec: 2309.71 - lr: 0.000391
2023-04-09 20:56:36,943 epoch 41 - iter 90/101 - loss 0.01522726 - time (sec): 22.14 - samples/sec: 2270.98 - lr: 0.000391
2023-04-09 20:56:39,223 epoch 41 - iter 100/101 - loss 0.01514627 - time (sec): 24.42 - samples/sec: 2273.44 - lr: 0.000391
2023-04-09 20:56:39,321 ----------------------------------------------------------------------------------------------------
2023-04-09 20:56:39,323 EPOCH 41 done: loss 0.0152 - lr 0.000391
2023-04-09 20:56:51,334 Evaluating as a multi-label problem: False
2023-04-09 20:56:51,356 DEV : loss 0.09158454835414886 - f1-score (micro avg)  0.7245
2023-04-09 20:56:51,460 BAD EPOCHS (no improvement): 1
2023-04-09 20:56:51,462 ----------------------------------------------------------------------------------------------------
2023-04-09 20:56:54,289 epoch 42 - iter 10/101 - loss 0.01357768 - time (sec): 2.83 - samples/sec: 1964.99 - lr: 0.000391
2023-04-09 20:56:56,662 epoch 42 - iter 20/101 - loss 0.01252628 - time (sec): 5.20 - samples/sec: 2111.53 - lr: 0.000391
2023-04-09 20:56:59,497 epoch 42 - iter 30/101 - loss 0.01189323 - time (sec): 8.03 - samples/sec: 2028.97 - lr: 0.000391
2023-04-09 20:57:01,854 epoch 42 - iter 40/101 - loss 0.01161889 - time (sec): 10.39 - samples/sec: 2101.41 - lr: 0.000391
2023-04-09 20:57:04,144 epoch 42 - iter 50/101 - loss 0.01277206 - time (sec): 12.68 - samples/sec: 2149.92 - lr: 0.000391
2023-04-09 20:57:06,367 epoch 42 - iter 60/101 - loss 0.01316364 - time (sec): 14.90 - samples/sec: 2205.02 - lr: 0.000391
2023-04-09 20:57:08,695 epoch 42 - iter 70/101 - loss 0.01300426 - time (sec): 17.23 - samples/sec: 2223.69 - lr: 0.000391
2023-04-09 20:57:11,167 epoch 42 - iter 80/101 - loss 0.01301487 - time (sec): 19.70 - samples/sec: 2227.69 - lr: 0.000391
2023-04-09 20:57:13,934 epoch 42 - iter 90/101 - loss 0.01400506 - time (sec): 22.47 - samples/sec: 2206.69 - lr: 0.000391
2023-04-09 20:57:16,562 epoch 42 - iter 100/101 - loss 0.01415523 - time (sec): 25.10 - samples/sec: 2207.29 - lr: 0.000391
2023-04-09 20:57:16,752 ----------------------------------------------------------------------------------------------------
2023-04-09 20:57:16,753 EPOCH 42 done: loss 0.0141 - lr 0.000391
2023-04-09 20:57:29,041 Evaluating as a multi-label problem: False
2023-04-09 20:57:29,059 DEV : loss 0.09138556569814682 - f1-score (micro avg)  0.7249
2023-04-09 20:57:29,165 BAD EPOCHS (no improvement): 2
2023-04-09 20:57:29,168 ----------------------------------------------------------------------------------------------------
2023-04-09 20:57:32,002 epoch 43 - iter 10/101 - loss 0.00992240 - time (sec): 2.83 - samples/sec: 1995.08 - lr: 0.000391
2023-04-09 20:57:34,766 epoch 43 - iter 20/101 - loss 0.01396948 - time (sec): 5.60 - samples/sec: 2045.23 - lr: 0.000391
2023-04-09 20:57:37,143 epoch 43 - iter 30/101 - loss 0.01509121 - time (sec): 7.97 - samples/sec: 2129.78 - lr: 0.000391
2023-04-09 20:57:39,577 epoch 43 - iter 40/101 - loss 0.01448983 - time (sec): 10.41 - samples/sec: 2163.65 - lr: 0.000391
2023-04-09 20:57:42,051 epoch 43 - iter 50/101 - loss 0.01447621 - time (sec): 12.88 - samples/sec: 2215.08 - lr: 0.000391
2023-04-09 20:57:44,241 epoch 43 - iter 60/101 - loss 0.01431680 - time (sec): 15.07 - samples/sec: 2248.09 - lr: 0.000391
2023-04-09 20:57:46,390 epoch 43 - iter 70/101 - loss 0.01402238 - time (sec): 17.22 - samples/sec: 2273.15 - lr: 0.000391
2023-04-09 20:57:48,434 epoch 43 - iter 80/101 - loss 0.01347372 - time (sec): 19.27 - samples/sec: 2304.78 - lr: 0.000391
2023-04-09 20:57:51,107 epoch 43 - iter 90/101 - loss 0.01378416 - time (sec): 21.94 - samples/sec: 2312.78 - lr: 0.000391
2023-04-09 20:57:53,233 epoch 43 - iter 100/101 - loss 0.01407938 - time (sec): 24.06 - samples/sec: 2308.49 - lr: 0.000391
2023-04-09 20:57:53,340 ----------------------------------------------------------------------------------------------------
2023-04-09 20:57:53,341 EPOCH 43 done: loss 0.0141 - lr 0.000391
2023-04-09 20:58:05,438 Evaluating as a multi-label problem: False
2023-04-09 20:58:05,460 DEV : loss 0.09142103791236877 - f1-score (micro avg)  0.7249
2023-04-09 20:58:05,564 BAD EPOCHS (no improvement): 3
2023-04-09 20:58:05,566 ----------------------------------------------------------------------------------------------------
2023-04-09 20:58:07,983 epoch 44 - iter 10/101 - loss 0.01867008 - time (sec): 2.41 - samples/sec: 2307.72 - lr: 0.000391
2023-04-09 20:58:10,335 epoch 44 - iter 20/101 - loss 0.01588601 - time (sec): 4.77 - samples/sec: 2304.64 - lr: 0.000391
2023-04-09 20:58:12,850 epoch 44 - iter 30/101 - loss 0.01557789 - time (sec): 7.28 - samples/sec: 2265.87 - lr: 0.000391
2023-04-09 20:58:15,505 epoch 44 - iter 40/101 - loss 0.01548492 - time (sec): 9.94 - samples/sec: 2248.19 - lr: 0.000391
2023-04-09 20:58:18,255 epoch 44 - iter 50/101 - loss 0.01481902 - time (sec): 12.69 - samples/sec: 2204.36 - lr: 0.000391
2023-04-09 20:58:20,516 epoch 44 - iter 60/101 - loss 0.01505123 - time (sec): 14.95 - samples/sec: 2250.99 - lr: 0.000391
2023-04-09 20:58:22,901 epoch 44 - iter 70/101 - loss 0.01522979 - time (sec): 17.33 - samples/sec: 2249.04 - lr: 0.000391
2023-04-09 20:58:25,158 epoch 44 - iter 80/101 - loss 0.01486533 - time (sec): 19.59 - samples/sec: 2268.41 - lr: 0.000391
2023-04-09 20:58:27,414 epoch 44 - iter 90/101 - loss 0.01504056 - time (sec): 21.85 - samples/sec: 2279.82 - lr: 0.000391
2023-04-09 20:58:30,053 epoch 44 - iter 100/101 - loss 0.01476243 - time (sec): 24.48 - samples/sec: 2267.60 - lr: 0.000391
2023-04-09 20:58:30,161 ----------------------------------------------------------------------------------------------------
2023-04-09 20:58:30,163 EPOCH 44 done: loss 0.0148 - lr 0.000391
2023-04-09 20:58:42,598 Evaluating as a multi-label problem: False
2023-04-09 20:58:42,620 DEV : loss 0.09167513251304626 - f1-score (micro avg)  0.7249
2023-04-09 20:58:42,725 Epoch    44: reducing learning rate of group 0 to 1.9531e-04.
2023-04-09 20:58:42,726 BAD EPOCHS (no improvement): 4
2023-04-09 20:58:42,728 ----------------------------------------------------------------------------------------------------
2023-04-09 20:58:45,235 epoch 45 - iter 10/101 - loss 0.01343031 - time (sec): 2.51 - samples/sec: 2267.86 - lr: 0.000195
2023-04-09 20:58:47,592 epoch 45 - iter 20/101 - loss 0.01254831 - time (sec): 4.86 - samples/sec: 2288.27 - lr: 0.000195
2023-04-09 20:58:49,965 epoch 45 - iter 30/101 - loss 0.01394682 - time (sec): 7.24 - samples/sec: 2283.64 - lr: 0.000195
2023-04-09 20:58:52,896 epoch 45 - iter 40/101 - loss 0.01528944 - time (sec): 10.17 - samples/sec: 2222.23 - lr: 0.000195
2023-04-09 20:58:55,211 epoch 45 - iter 50/101 - loss 0.01471047 - time (sec): 12.48 - samples/sec: 2252.71 - lr: 0.000195
2023-04-09 20:58:57,671 epoch 45 - iter 60/101 - loss 0.01480077 - time (sec): 14.94 - samples/sec: 2258.76 - lr: 0.000195
2023-04-09 20:59:00,450 epoch 45 - iter 70/101 - loss 0.01444170 - time (sec): 17.72 - samples/sec: 2224.90 - lr: 0.000195
2023-04-09 20:59:02,783 epoch 45 - iter 80/101 - loss 0.01486598 - time (sec): 20.05 - samples/sec: 2237.47 - lr: 0.000195
2023-04-09 20:59:04,997 epoch 45 - iter 90/101 - loss 0.01481206 - time (sec): 22.27 - samples/sec: 2254.95 - lr: 0.000195
2023-04-09 20:59:07,272 epoch 45 - iter 100/101 - loss 0.01450273 - time (sec): 24.54 - samples/sec: 2263.66 - lr: 0.000195
2023-04-09 20:59:07,354 ----------------------------------------------------------------------------------------------------
2023-04-09 20:59:07,356 EPOCH 45 done: loss 0.0145 - lr 0.000195
2023-04-09 20:59:20,087 Evaluating as a multi-label problem: False
2023-04-09 20:59:20,107 DEV : loss 0.09179239720106125 - f1-score (micro avg)  0.7249
2023-04-09 20:59:20,230 BAD EPOCHS (no improvement): 1
2023-04-09 20:59:20,232 ----------------------------------------------------------------------------------------------------
2023-04-09 20:59:22,433 epoch 46 - iter 10/101 - loss 0.01618173 - time (sec): 2.20 - samples/sec: 2498.42 - lr: 0.000195
2023-04-09 20:59:25,147 epoch 46 - iter 20/101 - loss 0.01438712 - time (sec): 4.91 - samples/sec: 2322.75 - lr: 0.000195
2023-04-09 20:59:27,528 epoch 46 - iter 30/101 - loss 0.01446478 - time (sec): 7.29 - samples/sec: 2293.26 - lr: 0.000195
2023-04-09 20:59:29,862 epoch 46 - iter 40/101 - loss 0.01405504 - time (sec): 9.63 - samples/sec: 2308.23 - lr: 0.000195
2023-04-09 20:59:32,090 epoch 46 - iter 50/101 - loss 0.01407857 - time (sec): 11.85 - samples/sec: 2332.95 - lr: 0.000195
2023-04-09 20:59:34,249 epoch 46 - iter 60/101 - loss 0.01390177 - time (sec): 14.01 - samples/sec: 2358.46 - lr: 0.000195
2023-04-09 20:59:37,007 epoch 46 - iter 70/101 - loss 0.01399082 - time (sec): 16.77 - samples/sec: 2321.91 - lr: 0.000195
2023-04-09 20:59:39,175 epoch 46 - iter 80/101 - loss 0.01432873 - time (sec): 18.94 - samples/sec: 2334.67 - lr: 0.000195
2023-04-09 20:59:41,621 epoch 46 - iter 90/101 - loss 0.01404874 - time (sec): 21.39 - samples/sec: 2328.40 - lr: 0.000195
2023-04-09 20:59:44,115 epoch 46 - iter 100/101 - loss 0.01341590 - time (sec): 23.88 - samples/sec: 2323.75 - lr: 0.000195
2023-04-09 20:59:44,245 ----------------------------------------------------------------------------------------------------
2023-04-09 20:59:44,246 EPOCH 46 done: loss 0.0134 - lr 0.000195
2023-04-09 20:59:56,190 Evaluating as a multi-label problem: False
2023-04-09 20:59:56,210 DEV : loss 0.0919090285897255 - f1-score (micro avg)  0.7249
2023-04-09 20:59:56,320 BAD EPOCHS (no improvement): 2
2023-04-09 20:59:56,321 ----------------------------------------------------------------------------------------------------
2023-04-09 20:59:58,847 epoch 47 - iter 10/101 - loss 0.00959207 - time (sec): 2.52 - samples/sec: 2150.52 - lr: 0.000195
2023-04-09 21:00:01,400 epoch 47 - iter 20/101 - loss 0.01028311 - time (sec): 5.08 - samples/sec: 2180.31 - lr: 0.000195
2023-04-09 21:00:03,947 epoch 47 - iter 30/101 - loss 0.01231055 - time (sec): 7.62 - samples/sec: 2190.81 - lr: 0.000195
2023-04-09 21:00:06,680 epoch 47 - iter 40/101 - loss 0.01271323 - time (sec): 10.36 - samples/sec: 2176.66 - lr: 0.000195
2023-04-09 21:00:08,945 epoch 47 - iter 50/101 - loss 0.01397318 - time (sec): 12.62 - samples/sec: 2229.99 - lr: 0.000195
2023-04-09 21:00:11,494 epoch 47 - iter 60/101 - loss 0.01400961 - time (sec): 15.17 - samples/sec: 2229.45 - lr: 0.000195
2023-04-09 21:00:13,792 epoch 47 - iter 70/101 - loss 0.01397941 - time (sec): 17.47 - samples/sec: 2241.79 - lr: 0.000195
2023-04-09 21:00:16,168 epoch 47 - iter 80/101 - loss 0.01408805 - time (sec): 19.84 - samples/sec: 2244.90 - lr: 0.000195
2023-04-09 21:00:18,477 epoch 47 - iter 90/101 - loss 0.01388618 - time (sec): 22.15 - samples/sec: 2247.36 - lr: 0.000195
2023-04-09 21:00:20,929 epoch 47 - iter 100/101 - loss 0.01421573 - time (sec): 24.61 - samples/sec: 2256.52 - lr: 0.000195
2023-04-09 21:00:21,037 ----------------------------------------------------------------------------------------------------
2023-04-09 21:00:21,038 EPOCH 47 done: loss 0.0142 - lr 0.000195
2023-04-09 21:00:33,329 Evaluating as a multi-label problem: False
2023-04-09 21:00:33,348 DEV : loss 0.09217867255210876 - f1-score (micro avg)  0.7245
2023-04-09 21:00:33,453 BAD EPOCHS (no improvement): 3
2023-04-09 21:00:33,456 ----------------------------------------------------------------------------------------------------
2023-04-09 21:00:36,010 epoch 48 - iter 10/101 - loss 0.01055083 - time (sec): 2.55 - samples/sec: 2081.95 - lr: 0.000195
2023-04-09 21:00:38,653 epoch 48 - iter 20/101 - loss 0.01314301 - time (sec): 5.20 - samples/sec: 2153.34 - lr: 0.000195
2023-04-09 21:00:40,892 epoch 48 - iter 30/101 - loss 0.01316965 - time (sec): 7.43 - samples/sec: 2237.72 - lr: 0.000195
2023-04-09 21:00:43,314 epoch 48 - iter 40/101 - loss 0.01292850 - time (sec): 9.86 - samples/sec: 2259.02 - lr: 0.000195
2023-04-09 21:00:45,630 epoch 48 - iter 50/101 - loss 0.01312520 - time (sec): 12.17 - samples/sec: 2264.63 - lr: 0.000195
2023-04-09 21:00:48,230 epoch 48 - iter 60/101 - loss 0.01359331 - time (sec): 14.77 - samples/sec: 2259.11 - lr: 0.000195
2023-04-09 21:00:50,470 epoch 48 - iter 70/101 - loss 0.01340781 - time (sec): 17.01 - samples/sec: 2271.09 - lr: 0.000195
2023-04-09 21:00:53,212 epoch 48 - iter 80/101 - loss 0.01353528 - time (sec): 19.76 - samples/sec: 2246.92 - lr: 0.000195
2023-04-09 21:00:55,428 epoch 48 - iter 90/101 - loss 0.01429350 - time (sec): 21.97 - samples/sec: 2268.73 - lr: 0.000195
2023-04-09 21:00:57,761 epoch 48 - iter 100/101 - loss 0.01410631 - time (sec): 24.30 - samples/sec: 2284.61 - lr: 0.000195
2023-04-09 21:00:57,864 ----------------------------------------------------------------------------------------------------
2023-04-09 21:00:57,865 EPOCH 48 done: loss 0.0141 - lr 0.000195
2023-04-09 21:01:09,667 Evaluating as a multi-label problem: False
2023-04-09 21:01:09,690 DEV : loss 0.0920342206954956 - f1-score (micro avg)  0.7245
2023-04-09 21:01:09,794 Epoch    48: reducing learning rate of group 0 to 9.7656e-05.
2023-04-09 21:01:09,794 BAD EPOCHS (no improvement): 4
2023-04-09 21:01:09,797 ----------------------------------------------------------------------------------------------------
2023-04-09 21:01:09,798 ----------------------------------------------------------------------------------------------------
2023-04-09 21:01:09,800 learning rate too small - quitting training!
2023-04-09 21:01:09,801 ----------------------------------------------------------------------------------------------------
2023-04-09 21:01:11,267 ----------------------------------------------------------------------------------------------------
2023-04-09 21:01:13,125 SequenceTagger predicts: Dictionary with 11 tags: O, S-DRUG, B-DRUG, E-DRUG, I-DRUG, S-ADR, B-ADR, E-ADR, I-ADR, <START>, <STOP>
2023-04-09 21:01:34,096 Evaluating as a multi-label problem: False
2023-04-09 21:01:34,117 0.8623	0.8947	0.8782	0.7829
2023-04-09 21:01:34,118 
Results:
- F-score (micro) 0.8782
- F-score (macro) 0.6805
- Accuracy 0.7829

By class:
              precision    recall  f1-score   support

        DRUG     0.9218    0.9655    0.9432       464
         ADR     0.4242    0.4118    0.4179        68

   micro avg     0.8623    0.8947    0.8782       532
   macro avg     0.6730    0.6886    0.6805       532
weighted avg     0.8582    0.8947    0.8760       532

2023-04-09 21:01:34,119 ----------------------------------------------------------------------------------------------------
