2023-04-09 00:33:04,485 ----------------------------------------------------------------------------------------------------
2023-04-09 00:33:04,486 Model: "SequenceTagger(
  (embeddings): StackedEmbeddings(
    (list_embedding_0): WordEmbeddings(
      'glove'
      (embedding): Embedding(400001, 100)
    )
    (list_embedding_1): FlairEmbeddings(
      (lm): LanguageModel(
        (drop): Dropout(p=0.25, inplace=False)
        (encoder): Embedding(275, 100)
        (rnn): LSTM(100, 1024)
      )
    )
    (list_embedding_2): FlairEmbeddings(
      (lm): LanguageModel(
        (drop): Dropout(p=0.25, inplace=False)
        (encoder): Embedding(275, 100)
        (rnn): LSTM(100, 1024)
      )
    )
  )
  (word_dropout): WordDropout(p=0.05)
  (locked_dropout): LockedDropout(p=0.5)
  (embedding2nn): Linear(in_features=2148, out_features=2148, bias=True)
  (rnn): LSTM(2148, 256, batch_first=True, bidirectional=True)
  (linear): Linear(in_features=512, out_features=11, bias=True)
  (loss_function): ViterbiLoss()
  (crf): CRF()
)"
2023-04-09 00:33:04,487 ----------------------------------------------------------------------------------------------------
2023-04-09 00:33:04,488 Corpus: "Corpus: 3210 train + 1024 dev + 1178 test sentences"
2023-04-09 00:33:04,489 ----------------------------------------------------------------------------------------------------
2023-04-09 00:33:04,490 Parameters:
2023-04-09 00:33:04,490  - learning_rate: "0.100000"
2023-04-09 00:33:04,491  - mini_batch_size: "32"
2023-04-09 00:33:04,492  - patience: "3"
2023-04-09 00:33:04,493  - anneal_factor: "0.5"
2023-04-09 00:33:04,493  - max_epochs: "25"
2023-04-09 00:33:04,494  - shuffle: "True"
2023-04-09 00:33:04,495  - train_with_dev: "False"
2023-04-09 00:33:04,495  - batch_growth_annealing: "False"
2023-04-09 00:33:04,497 ----------------------------------------------------------------------------------------------------
2023-04-09 00:33:04,497 Model training base path: "model"
2023-04-09 00:33:04,498 ----------------------------------------------------------------------------------------------------
2023-04-09 00:33:04,499 Device: cuda:0
2023-04-09 00:33:04,500 ----------------------------------------------------------------------------------------------------
2023-04-09 00:33:04,501 Embeddings storage mode: cpu
2023-04-09 00:33:04,501 ----------------------------------------------------------------------------------------------------
2023-04-09 00:33:07,514 epoch 1 - iter 10/101 - loss 0.69056847 - time (sec): 3.01 - samples/sec: 1917.83 - lr: 0.100000
2023-04-09 00:33:09,654 epoch 1 - iter 20/101 - loss 0.46439666 - time (sec): 5.15 - samples/sec: 2114.17 - lr: 0.100000
2023-04-09 00:33:12,041 epoch 1 - iter 30/101 - loss 0.35808881 - time (sec): 7.54 - samples/sec: 2169.33 - lr: 0.100000
2023-04-09 00:33:14,375 epoch 1 - iter 40/101 - loss 0.31250183 - time (sec): 9.87 - samples/sec: 2159.85 - lr: 0.100000
2023-04-09 00:33:16,823 epoch 1 - iter 50/101 - loss 0.27277156 - time (sec): 12.32 - samples/sec: 2196.80 - lr: 0.100000
2023-04-09 00:33:19,734 epoch 1 - iter 60/101 - loss 0.24813133 - time (sec): 15.23 - samples/sec: 2162.69 - lr: 0.100000
2023-04-09 00:33:22,060 epoch 1 - iter 70/101 - loss 0.23119274 - time (sec): 17.56 - samples/sec: 2173.78 - lr: 0.100000
2023-04-09 00:33:24,224 epoch 1 - iter 80/101 - loss 0.21557007 - time (sec): 19.72 - samples/sec: 2209.20 - lr: 0.100000
2023-04-09 00:33:26,955 epoch 1 - iter 90/101 - loss 0.20042739 - time (sec): 22.45 - samples/sec: 2233.83 - lr: 0.100000
2023-04-09 00:33:29,115 epoch 1 - iter 100/101 - loss 0.19145110 - time (sec): 24.61 - samples/sec: 2257.15 - lr: 0.100000
2023-04-09 00:33:29,213 ----------------------------------------------------------------------------------------------------
2023-04-09 00:33:29,214 EPOCH 1 done: loss 0.1914 - lr 0.100000
2023-04-09 00:33:40,313 Evaluating as a multi-label problem: False
2023-04-09 00:33:40,334 DEV : loss 0.08133202791213989 - f1-score (micro avg)  0.7171
2023-04-09 00:33:40,433 BAD EPOCHS (no improvement): 0
2023-04-09 00:33:40,440 saving best model
2023-04-09 00:34:53,453 ----------------------------------------------------------------------------------------------------
2023-04-09 00:34:55,492 epoch 2 - iter 10/101 - loss 0.10574536 - time (sec): 2.04 - samples/sec: 2815.01 - lr: 0.100000
2023-04-09 00:34:57,310 epoch 2 - iter 20/101 - loss 0.09733224 - time (sec): 3.86 - samples/sec: 2870.47 - lr: 0.100000
2023-04-09 00:34:59,243 epoch 2 - iter 30/101 - loss 0.09419099 - time (sec): 5.79 - samples/sec: 2876.96 - lr: 0.100000
2023-04-09 00:35:01,364 epoch 2 - iter 40/101 - loss 0.09406068 - time (sec): 7.91 - samples/sec: 2838.35 - lr: 0.100000
2023-04-09 00:35:03,141 epoch 2 - iter 50/101 - loss 0.08980530 - time (sec): 9.69 - samples/sec: 2874.93 - lr: 0.100000
2023-04-09 00:35:05,018 epoch 2 - iter 60/101 - loss 0.08796760 - time (sec): 11.56 - samples/sec: 2872.35 - lr: 0.100000
2023-04-09 00:35:07,073 epoch 2 - iter 70/101 - loss 0.08610688 - time (sec): 13.62 - samples/sec: 2875.91 - lr: 0.100000
2023-04-09 00:35:08,965 epoch 2 - iter 80/101 - loss 0.08814114 - time (sec): 15.51 - samples/sec: 2879.81 - lr: 0.100000
2023-04-09 00:35:10,839 epoch 2 - iter 90/101 - loss 0.08698818 - time (sec): 17.39 - samples/sec: 2876.98 - lr: 0.100000
2023-04-09 00:35:12,727 epoch 2 - iter 100/101 - loss 0.08501146 - time (sec): 19.27 - samples/sec: 2877.76 - lr: 0.100000
2023-04-09 00:35:12,810 ----------------------------------------------------------------------------------------------------
2023-04-09 00:35:12,811 EPOCH 2 done: loss 0.0851 - lr 0.100000
2023-04-09 00:35:24,891 Evaluating as a multi-label problem: False
2023-04-09 00:35:24,920 DEV : loss 0.06411495059728622 - f1-score (micro avg)  0.7445
2023-04-09 00:35:25,020 BAD EPOCHS (no improvement): 0
2023-04-09 00:35:25,024 saving best model
2023-04-09 00:36:42,754 ----------------------------------------------------------------------------------------------------
2023-04-09 00:36:44,738 epoch 3 - iter 10/101 - loss 0.07746192 - time (sec): 1.98 - samples/sec: 2664.58 - lr: 0.100000
2023-04-09 00:36:46,717 epoch 3 - iter 20/101 - loss 0.07739771 - time (sec): 3.96 - samples/sec: 2723.83 - lr: 0.100000
2023-04-09 00:36:48,693 epoch 3 - iter 30/101 - loss 0.07322455 - time (sec): 5.94 - samples/sec: 2769.00 - lr: 0.100000
2023-04-09 00:36:51,082 epoch 3 - iter 40/101 - loss 0.07349735 - time (sec): 8.33 - samples/sec: 2691.40 - lr: 0.100000
2023-04-09 00:36:53,111 epoch 3 - iter 50/101 - loss 0.07462226 - time (sec): 10.35 - samples/sec: 2691.86 - lr: 0.100000
2023-04-09 00:36:55,310 epoch 3 - iter 60/101 - loss 0.07433585 - time (sec): 12.56 - samples/sec: 2648.69 - lr: 0.100000
2023-04-09 00:36:57,396 epoch 3 - iter 70/101 - loss 0.07344861 - time (sec): 14.64 - samples/sec: 2658.58 - lr: 0.100000
2023-04-09 00:36:59,581 epoch 3 - iter 80/101 - loss 0.07343718 - time (sec): 16.83 - samples/sec: 2647.03 - lr: 0.100000
2023-04-09 00:37:01,739 epoch 3 - iter 90/101 - loss 0.07235322 - time (sec): 18.98 - samples/sec: 2637.61 - lr: 0.100000
2023-04-09 00:37:03,859 epoch 3 - iter 100/101 - loss 0.07345902 - time (sec): 21.10 - samples/sec: 2631.51 - lr: 0.100000
2023-04-09 00:37:03,946 ----------------------------------------------------------------------------------------------------
2023-04-09 00:37:03,946 EPOCH 3 done: loss 0.0733 - lr 0.100000
2023-04-09 00:37:15,494 Evaluating as a multi-label problem: False
2023-04-09 00:37:15,515 DEV : loss 0.0650920644402504 - f1-score (micro avg)  0.7548
2023-04-09 00:37:15,614 BAD EPOCHS (no improvement): 0
2023-04-09 00:37:15,620 saving best model
2023-04-09 00:38:33,758 ----------------------------------------------------------------------------------------------------
2023-04-09 00:38:36,244 epoch 4 - iter 10/101 - loss 0.07806128 - time (sec): 2.48 - samples/sec: 2427.76 - lr: 0.100000
2023-04-09 00:38:38,285 epoch 4 - iter 20/101 - loss 0.07372959 - time (sec): 4.53 - samples/sec: 2507.96 - lr: 0.100000
2023-04-09 00:38:40,590 epoch 4 - iter 30/101 - loss 0.07135639 - time (sec): 6.83 - samples/sec: 2494.71 - lr: 0.100000
2023-04-09 00:38:42,502 epoch 4 - iter 40/101 - loss 0.06957012 - time (sec): 8.74 - samples/sec: 2590.21 - lr: 0.100000
2023-04-09 00:38:44,339 epoch 4 - iter 50/101 - loss 0.06849371 - time (sec): 10.58 - samples/sec: 2641.66 - lr: 0.100000
2023-04-09 00:38:46,068 epoch 4 - iter 60/101 - loss 0.06743913 - time (sec): 12.31 - samples/sec: 2704.85 - lr: 0.100000
2023-04-09 00:38:47,983 epoch 4 - iter 70/101 - loss 0.06835150 - time (sec): 14.22 - samples/sec: 2723.85 - lr: 0.100000
2023-04-09 00:38:49,904 epoch 4 - iter 80/101 - loss 0.06688200 - time (sec): 16.14 - samples/sec: 2744.52 - lr: 0.100000
2023-04-09 00:38:51,561 epoch 4 - iter 90/101 - loss 0.06709804 - time (sec): 17.80 - samples/sec: 2794.59 - lr: 0.100000
2023-04-09 00:38:53,502 epoch 4 - iter 100/101 - loss 0.06581973 - time (sec): 19.74 - samples/sec: 2812.50 - lr: 0.100000
2023-04-09 00:38:53,570 ----------------------------------------------------------------------------------------------------
2023-04-09 00:38:53,571 EPOCH 4 done: loss 0.0658 - lr 0.100000
2023-04-09 00:39:05,736 Evaluating as a multi-label problem: False
2023-04-09 00:39:05,753 DEV : loss 0.06085355952382088 - f1-score (micro avg)  0.746
2023-04-09 00:39:05,851 BAD EPOCHS (no improvement): 1
2023-04-09 00:39:05,856 ----------------------------------------------------------------------------------------------------
2023-04-09 00:39:07,880 epoch 5 - iter 10/101 - loss 0.06303885 - time (sec): 2.02 - samples/sec: 2863.97 - lr: 0.100000
2023-04-09 00:39:09,877 epoch 5 - iter 20/101 - loss 0.05770458 - time (sec): 4.02 - samples/sec: 2871.87 - lr: 0.100000
2023-04-09 00:39:11,909 epoch 5 - iter 30/101 - loss 0.06335577 - time (sec): 6.05 - samples/sec: 2834.75 - lr: 0.100000
2023-04-09 00:39:14,109 epoch 5 - iter 40/101 - loss 0.06224516 - time (sec): 8.25 - samples/sec: 2737.59 - lr: 0.100000
2023-04-09 00:39:16,104 epoch 5 - iter 50/101 - loss 0.06173483 - time (sec): 10.25 - samples/sec: 2760.26 - lr: 0.100000
2023-04-09 00:39:18,152 epoch 5 - iter 60/101 - loss 0.06303676 - time (sec): 12.30 - samples/sec: 2745.34 - lr: 0.100000
2023-04-09 00:39:20,032 epoch 5 - iter 70/101 - loss 0.06121792 - time (sec): 14.17 - samples/sec: 2755.12 - lr: 0.100000
2023-04-09 00:39:22,124 epoch 5 - iter 80/101 - loss 0.06161336 - time (sec): 16.27 - samples/sec: 2755.42 - lr: 0.100000
2023-04-09 00:39:24,230 epoch 5 - iter 90/101 - loss 0.06214520 - time (sec): 18.37 - samples/sec: 2723.00 - lr: 0.100000
2023-04-09 00:39:26,309 epoch 5 - iter 100/101 - loss 0.06198252 - time (sec): 20.45 - samples/sec: 2715.14 - lr: 0.100000
2023-04-09 00:39:26,384 ----------------------------------------------------------------------------------------------------
2023-04-09 00:39:26,385 EPOCH 5 done: loss 0.0619 - lr 0.100000
2023-04-09 00:39:39,407 Evaluating as a multi-label problem: False
2023-04-09 00:39:39,425 DEV : loss 0.05354040861129761 - f1-score (micro avg)  0.7631
2023-04-09 00:39:39,523 BAD EPOCHS (no improvement): 0
2023-04-09 00:39:39,529 saving best model
2023-04-09 00:41:02,389 ----------------------------------------------------------------------------------------------------
2023-04-09 00:41:04,739 epoch 6 - iter 10/101 - loss 0.06003115 - time (sec): 2.35 - samples/sec: 2400.13 - lr: 0.100000
2023-04-09 00:41:06,590 epoch 6 - iter 20/101 - loss 0.05879113 - time (sec): 4.20 - samples/sec: 2604.05 - lr: 0.100000
2023-04-09 00:41:08,468 epoch 6 - iter 30/101 - loss 0.05812047 - time (sec): 6.08 - samples/sec: 2669.98 - lr: 0.100000
2023-04-09 00:41:10,373 epoch 6 - iter 40/101 - loss 0.05885094 - time (sec): 7.98 - samples/sec: 2720.15 - lr: 0.100000
2023-04-09 00:41:12,352 epoch 6 - iter 50/101 - loss 0.05786444 - time (sec): 9.96 - samples/sec: 2734.92 - lr: 0.100000
2023-04-09 00:41:14,472 epoch 6 - iter 60/101 - loss 0.05730721 - time (sec): 12.08 - samples/sec: 2732.47 - lr: 0.100000
2023-04-09 00:41:16,543 epoch 6 - iter 70/101 - loss 0.05617849 - time (sec): 14.15 - samples/sec: 2724.72 - lr: 0.100000
2023-04-09 00:41:18,980 epoch 6 - iter 80/101 - loss 0.05599492 - time (sec): 16.59 - samples/sec: 2689.48 - lr: 0.100000
2023-04-09 00:41:20,863 epoch 6 - iter 90/101 - loss 0.05642074 - time (sec): 18.47 - samples/sec: 2714.34 - lr: 0.100000
2023-04-09 00:41:23,106 epoch 6 - iter 100/101 - loss 0.05683223 - time (sec): 20.72 - samples/sec: 2680.88 - lr: 0.100000
2023-04-09 00:41:23,169 ----------------------------------------------------------------------------------------------------
2023-04-09 00:41:23,170 EPOCH 6 done: loss 0.0570 - lr 0.100000
2023-04-09 00:41:35,342 Evaluating as a multi-label problem: False
2023-04-09 00:41:35,364 DEV : loss 0.05641736462712288 - f1-score (micro avg)  0.7947
2023-04-09 00:41:35,485 BAD EPOCHS (no improvement): 0
2023-04-09 00:41:35,491 saving best model
2023-04-09 00:42:54,603 ----------------------------------------------------------------------------------------------------
2023-04-09 00:42:56,656 epoch 7 - iter 10/101 - loss 0.05686304 - time (sec): 2.05 - samples/sec: 2600.97 - lr: 0.100000
2023-04-09 00:42:58,514 epoch 7 - iter 20/101 - loss 0.06338642 - time (sec): 3.91 - samples/sec: 2733.34 - lr: 0.100000
2023-04-09 00:43:00,570 epoch 7 - iter 30/101 - loss 0.06401829 - time (sec): 5.97 - samples/sec: 2740.49 - lr: 0.100000
2023-04-09 00:43:02,857 epoch 7 - iter 40/101 - loss 0.06037957 - time (sec): 8.25 - samples/sec: 2701.92 - lr: 0.100000
2023-04-09 00:43:04,636 epoch 7 - iter 50/101 - loss 0.05781353 - time (sec): 10.03 - samples/sec: 2736.35 - lr: 0.100000
2023-04-09 00:43:06,492 epoch 7 - iter 60/101 - loss 0.05653647 - time (sec): 11.89 - samples/sec: 2779.78 - lr: 0.100000
2023-04-09 00:43:08,350 epoch 7 - iter 70/101 - loss 0.05455837 - time (sec): 13.75 - samples/sec: 2796.26 - lr: 0.100000
2023-04-09 00:43:10,606 epoch 7 - iter 80/101 - loss 0.05487929 - time (sec): 16.00 - samples/sec: 2766.41 - lr: 0.100000
2023-04-09 00:43:12,485 epoch 7 - iter 90/101 - loss 0.05417175 - time (sec): 17.88 - samples/sec: 2784.14 - lr: 0.100000
2023-04-09 00:43:14,565 epoch 7 - iter 100/101 - loss 0.05461447 - time (sec): 19.96 - samples/sec: 2781.97 - lr: 0.100000
2023-04-09 00:43:14,645 ----------------------------------------------------------------------------------------------------
2023-04-09 00:43:14,646 EPOCH 7 done: loss 0.0546 - lr 0.100000
2023-04-09 00:43:27,081 Evaluating as a multi-label problem: False
2023-04-09 00:43:27,099 DEV : loss 0.046448979526758194 - f1-score (micro avg)  0.8033
2023-04-09 00:43:27,198 BAD EPOCHS (no improvement): 0
2023-04-09 00:43:27,203 saving best model
2023-04-09 00:44:44,490 ----------------------------------------------------------------------------------------------------
2023-04-09 00:44:46,677 epoch 8 - iter 10/101 - loss 0.04524902 - time (sec): 2.14 - samples/sec: 2551.14 - lr: 0.100000
2023-04-09 00:44:48,966 epoch 8 - iter 20/101 - loss 0.04835381 - time (sec): 4.43 - samples/sec: 2489.28 - lr: 0.100000
2023-04-09 00:44:51,369 epoch 8 - iter 30/101 - loss 0.05119702 - time (sec): 6.83 - samples/sec: 2406.90 - lr: 0.100000
2023-04-09 00:44:53,277 epoch 8 - iter 40/101 - loss 0.04928732 - time (sec): 8.74 - samples/sec: 2512.69 - lr: 0.100000
2023-04-09 00:44:55,569 epoch 8 - iter 50/101 - loss 0.04824100 - time (sec): 11.03 - samples/sec: 2514.16 - lr: 0.100000
2023-04-09 00:44:57,644 epoch 8 - iter 60/101 - loss 0.04900070 - time (sec): 13.11 - samples/sec: 2564.83 - lr: 0.100000
2023-04-09 00:44:59,604 epoch 8 - iter 70/101 - loss 0.04907263 - time (sec): 15.07 - samples/sec: 2605.63 - lr: 0.100000
2023-04-09 00:45:01,665 epoch 8 - iter 80/101 - loss 0.05049940 - time (sec): 17.13 - samples/sec: 2617.64 - lr: 0.100000
2023-04-09 00:45:03,602 epoch 8 - iter 90/101 - loss 0.05172260 - time (sec): 19.07 - samples/sec: 2639.45 - lr: 0.100000
2023-04-09 00:45:05,777 epoch 8 - iter 100/101 - loss 0.05196540 - time (sec): 21.24 - samples/sec: 2614.75 - lr: 0.100000
2023-04-09 00:45:05,846 ----------------------------------------------------------------------------------------------------
2023-04-09 00:45:05,847 EPOCH 8 done: loss 0.0519 - lr 0.100000
2023-04-09 00:45:18,968 Evaluating as a multi-label problem: False
2023-04-09 00:45:18,996 DEV : loss 0.07052558660507202 - f1-score (micro avg)  0.6924
2023-04-09 00:45:19,100 BAD EPOCHS (no improvement): 1
2023-04-09 00:45:19,106 ----------------------------------------------------------------------------------------------------
2023-04-09 00:45:21,789 epoch 9 - iter 10/101 - loss 0.06197729 - time (sec): 2.68 - samples/sec: 2041.29 - lr: 0.100000
2023-04-09 00:45:24,028 epoch 9 - iter 20/101 - loss 0.05345000 - time (sec): 4.92 - samples/sec: 2257.11 - lr: 0.100000
2023-04-09 00:45:26,316 epoch 9 - iter 30/101 - loss 0.05050669 - time (sec): 7.21 - samples/sec: 2344.49 - lr: 0.100000
2023-04-09 00:45:28,312 epoch 9 - iter 40/101 - loss 0.04918451 - time (sec): 9.20 - samples/sec: 2454.74 - lr: 0.100000
2023-04-09 00:45:30,809 epoch 9 - iter 50/101 - loss 0.04758054 - time (sec): 11.70 - samples/sec: 2429.56 - lr: 0.100000
2023-04-09 00:45:32,896 epoch 9 - iter 60/101 - loss 0.04844019 - time (sec): 13.79 - samples/sec: 2446.62 - lr: 0.100000
2023-04-09 00:45:35,023 epoch 9 - iter 70/101 - loss 0.04892856 - time (sec): 15.92 - samples/sec: 2482.59 - lr: 0.100000
2023-04-09 00:45:37,008 epoch 9 - iter 80/101 - loss 0.05027700 - time (sec): 17.90 - samples/sec: 2506.37 - lr: 0.100000
2023-04-09 00:45:39,638 epoch 9 - iter 90/101 - loss 0.05102810 - time (sec): 20.53 - samples/sec: 2448.39 - lr: 0.100000
2023-04-09 00:45:41,710 epoch 9 - iter 100/101 - loss 0.05030194 - time (sec): 22.60 - samples/sec: 2457.44 - lr: 0.100000
2023-04-09 00:45:41,777 ----------------------------------------------------------------------------------------------------
2023-04-09 00:45:41,778 EPOCH 9 done: loss 0.0502 - lr 0.100000
2023-04-09 00:45:54,331 Evaluating as a multi-label problem: False
2023-04-09 00:45:54,351 DEV : loss 0.04860253259539604 - f1-score (micro avg)  0.8111
2023-04-09 00:45:54,454 BAD EPOCHS (no improvement): 0
2023-04-09 00:45:54,460 saving best model
2023-04-09 00:47:14,053 ----------------------------------------------------------------------------------------------------
2023-04-09 00:47:16,268 epoch 10 - iter 10/101 - loss 0.04987824 - time (sec): 2.21 - samples/sec: 2414.92 - lr: 0.100000
2023-04-09 00:47:18,093 epoch 10 - iter 20/101 - loss 0.04330923 - time (sec): 4.04 - samples/sec: 2620.32 - lr: 0.100000
2023-04-09 00:47:20,014 epoch 10 - iter 30/101 - loss 0.04461054 - time (sec): 5.96 - samples/sec: 2751.26 - lr: 0.100000
2023-04-09 00:47:22,024 epoch 10 - iter 40/101 - loss 0.04329638 - time (sec): 7.97 - samples/sec: 2731.32 - lr: 0.100000
2023-04-09 00:47:23,939 epoch 10 - iter 50/101 - loss 0.04619087 - time (sec): 9.89 - samples/sec: 2751.64 - lr: 0.100000
2023-04-09 00:47:26,001 epoch 10 - iter 60/101 - loss 0.04778582 - time (sec): 11.95 - samples/sec: 2750.18 - lr: 0.100000
2023-04-09 00:47:27,872 epoch 10 - iter 70/101 - loss 0.04806554 - time (sec): 13.82 - samples/sec: 2766.43 - lr: 0.100000
2023-04-09 00:47:29,680 epoch 10 - iter 80/101 - loss 0.04768646 - time (sec): 15.62 - samples/sec: 2792.10 - lr: 0.100000
2023-04-09 00:47:31,872 epoch 10 - iter 90/101 - loss 0.04662945 - time (sec): 17.82 - samples/sec: 2791.81 - lr: 0.100000
2023-04-09 00:47:33,881 epoch 10 - iter 100/101 - loss 0.04703294 - time (sec): 19.83 - samples/sec: 2798.03 - lr: 0.100000
2023-04-09 00:47:33,973 ----------------------------------------------------------------------------------------------------
2023-04-09 00:47:33,974 EPOCH 10 done: loss 0.0471 - lr 0.100000
2023-04-09 00:47:45,881 Evaluating as a multi-label problem: False
2023-04-09 00:47:45,899 DEV : loss 0.04199076071381569 - f1-score (micro avg)  0.8342
2023-04-09 00:47:45,997 BAD EPOCHS (no improvement): 0
2023-04-09 00:47:46,004 saving best model
2023-04-09 00:49:08,462 ----------------------------------------------------------------------------------------------------
2023-04-09 00:49:10,902 epoch 11 - iter 10/101 - loss 0.04777663 - time (sec): 2.44 - samples/sec: 2395.97 - lr: 0.100000
2023-04-09 00:49:12,754 epoch 11 - iter 20/101 - loss 0.04900310 - time (sec): 4.29 - samples/sec: 2672.59 - lr: 0.100000
2023-04-09 00:49:14,546 epoch 11 - iter 30/101 - loss 0.05004935 - time (sec): 6.08 - samples/sec: 2747.82 - lr: 0.100000
2023-04-09 00:49:16,615 epoch 11 - iter 40/101 - loss 0.04939732 - time (sec): 8.15 - samples/sec: 2731.79 - lr: 0.100000
2023-04-09 00:49:18,670 epoch 11 - iter 50/101 - loss 0.04977504 - time (sec): 10.21 - samples/sec: 2728.42 - lr: 0.100000
2023-04-09 00:49:20,796 epoch 11 - iter 60/101 - loss 0.04800164 - time (sec): 12.33 - samples/sec: 2683.88 - lr: 0.100000
2023-04-09 00:49:22,837 epoch 11 - iter 70/101 - loss 0.04713326 - time (sec): 14.37 - samples/sec: 2681.90 - lr: 0.100000
2023-04-09 00:49:24,826 epoch 11 - iter 80/101 - loss 0.04834900 - time (sec): 16.36 - samples/sec: 2687.24 - lr: 0.100000
2023-04-09 00:49:26,810 epoch 11 - iter 90/101 - loss 0.04787296 - time (sec): 18.35 - samples/sec: 2703.76 - lr: 0.100000
2023-04-09 00:49:28,883 epoch 11 - iter 100/101 - loss 0.04640259 - time (sec): 20.42 - samples/sec: 2716.09 - lr: 0.100000
2023-04-09 00:49:29,010 ----------------------------------------------------------------------------------------------------
2023-04-09 00:49:29,011 EPOCH 11 done: loss 0.0464 - lr 0.100000
2023-04-09 00:49:42,073 Evaluating as a multi-label problem: False
2023-04-09 00:49:42,092 DEV : loss 0.04328082874417305 - f1-score (micro avg)  0.8278
2023-04-09 00:49:42,193 BAD EPOCHS (no improvement): 1
2023-04-09 00:49:42,199 ----------------------------------------------------------------------------------------------------
2023-04-09 00:49:44,512 epoch 12 - iter 10/101 - loss 0.04506903 - time (sec): 2.31 - samples/sec: 2523.86 - lr: 0.100000
2023-04-09 00:49:46,669 epoch 12 - iter 20/101 - loss 0.04554421 - time (sec): 4.47 - samples/sec: 2633.30 - lr: 0.100000
2023-04-09 00:49:48,514 epoch 12 - iter 30/101 - loss 0.04607026 - time (sec): 6.31 - samples/sec: 2702.89 - lr: 0.100000
2023-04-09 00:49:50,517 epoch 12 - iter 40/101 - loss 0.04663193 - time (sec): 8.32 - samples/sec: 2692.51 - lr: 0.100000
2023-04-09 00:49:52,662 epoch 12 - iter 50/101 - loss 0.04753977 - time (sec): 10.46 - samples/sec: 2634.62 - lr: 0.100000
2023-04-09 00:49:54,508 epoch 12 - iter 60/101 - loss 0.04689131 - time (sec): 12.31 - samples/sec: 2683.67 - lr: 0.100000
2023-04-09 00:49:56,529 epoch 12 - iter 70/101 - loss 0.04616692 - time (sec): 14.33 - samples/sec: 2705.21 - lr: 0.100000
2023-04-09 00:49:58,327 epoch 12 - iter 80/101 - loss 0.04628280 - time (sec): 16.13 - samples/sec: 2728.40 - lr: 0.100000
2023-04-09 00:50:00,964 epoch 12 - iter 90/101 - loss 0.04479910 - time (sec): 18.76 - samples/sec: 2660.71 - lr: 0.100000
2023-04-09 00:50:03,137 epoch 12 - iter 100/101 - loss 0.04453141 - time (sec): 20.94 - samples/sec: 2653.05 - lr: 0.100000
2023-04-09 00:50:03,205 ----------------------------------------------------------------------------------------------------
2023-04-09 00:50:03,206 EPOCH 12 done: loss 0.0446 - lr 0.100000
2023-04-09 00:50:16,205 Evaluating as a multi-label problem: False
2023-04-09 00:50:16,222 DEV : loss 0.0459553487598896 - f1-score (micro avg)  0.8313
2023-04-09 00:50:16,322 BAD EPOCHS (no improvement): 2
2023-04-09 00:50:16,328 ----------------------------------------------------------------------------------------------------
2023-04-09 00:50:18,608 epoch 13 - iter 10/101 - loss 0.04617973 - time (sec): 2.28 - samples/sec: 2330.14 - lr: 0.100000
2023-04-09 00:50:21,193 epoch 13 - iter 20/101 - loss 0.04643739 - time (sec): 4.86 - samples/sec: 2341.72 - lr: 0.100000
2023-04-09 00:50:23,188 epoch 13 - iter 30/101 - loss 0.04720941 - time (sec): 6.86 - samples/sec: 2441.44 - lr: 0.100000
2023-04-09 00:50:24,997 epoch 13 - iter 40/101 - loss 0.04616375 - time (sec): 8.67 - samples/sec: 2543.59 - lr: 0.100000
2023-04-09 00:50:27,012 epoch 13 - iter 50/101 - loss 0.04519927 - time (sec): 10.68 - samples/sec: 2599.83 - lr: 0.100000
2023-04-09 00:50:28,912 epoch 13 - iter 60/101 - loss 0.04527891 - time (sec): 12.58 - samples/sec: 2644.06 - lr: 0.100000
2023-04-09 00:50:30,850 epoch 13 - iter 70/101 - loss 0.04493876 - time (sec): 14.52 - samples/sec: 2673.71 - lr: 0.100000
2023-04-09 00:50:32,579 epoch 13 - iter 80/101 - loss 0.04384769 - time (sec): 16.25 - samples/sec: 2714.61 - lr: 0.100000
2023-04-09 00:50:34,586 epoch 13 - iter 90/101 - loss 0.04266069 - time (sec): 18.26 - samples/sec: 2740.16 - lr: 0.100000
2023-04-09 00:50:36,527 epoch 13 - iter 100/101 - loss 0.04289738 - time (sec): 20.20 - samples/sec: 2748.03 - lr: 0.100000
2023-04-09 00:50:36,611 ----------------------------------------------------------------------------------------------------
2023-04-09 00:50:36,612 EPOCH 13 done: loss 0.0430 - lr 0.100000
2023-04-09 00:50:49,394 Evaluating as a multi-label problem: False
2023-04-09 00:50:49,413 DEV : loss 0.04169639199972153 - f1-score (micro avg)  0.8321
2023-04-09 00:50:49,515 BAD EPOCHS (no improvement): 3
2023-04-09 00:50:49,520 ----------------------------------------------------------------------------------------------------
2023-04-09 00:50:51,705 epoch 14 - iter 10/101 - loss 0.03963988 - time (sec): 2.18 - samples/sec: 2674.81 - lr: 0.100000
2023-04-09 00:50:53,890 epoch 14 - iter 20/101 - loss 0.04445400 - time (sec): 4.37 - samples/sec: 2694.93 - lr: 0.100000
2023-04-09 00:50:55,739 epoch 14 - iter 30/101 - loss 0.04115364 - time (sec): 6.22 - samples/sec: 2755.51 - lr: 0.100000
2023-04-09 00:50:57,635 epoch 14 - iter 40/101 - loss 0.03948013 - time (sec): 8.11 - samples/sec: 2779.33 - lr: 0.100000
2023-04-09 00:50:59,613 epoch 14 - iter 50/101 - loss 0.04035553 - time (sec): 10.09 - samples/sec: 2803.54 - lr: 0.100000
2023-04-09 00:51:01,375 epoch 14 - iter 60/101 - loss 0.03951491 - time (sec): 11.85 - samples/sec: 2849.03 - lr: 0.100000
2023-04-09 00:51:03,246 epoch 14 - iter 70/101 - loss 0.04052024 - time (sec): 13.72 - samples/sec: 2859.51 - lr: 0.100000
2023-04-09 00:51:05,093 epoch 14 - iter 80/101 - loss 0.04088467 - time (sec): 15.57 - samples/sec: 2871.85 - lr: 0.100000
2023-04-09 00:51:07,107 epoch 14 - iter 90/101 - loss 0.04079516 - time (sec): 17.59 - samples/sec: 2862.10 - lr: 0.100000
2023-04-09 00:51:08,978 epoch 14 - iter 100/101 - loss 0.04068902 - time (sec): 19.46 - samples/sec: 2853.65 - lr: 0.100000
2023-04-09 00:51:09,050 ----------------------------------------------------------------------------------------------------
2023-04-09 00:51:09,051 EPOCH 14 done: loss 0.0407 - lr 0.100000
2023-04-09 00:51:21,965 Evaluating as a multi-label problem: False
2023-04-09 00:51:21,984 DEV : loss 0.04499749466776848 - f1-score (micro avg)  0.839
2023-04-09 00:51:22,083 BAD EPOCHS (no improvement): 0
2023-04-09 00:51:22,088 saving best model
2023-04-09 00:52:40,791 ----------------------------------------------------------------------------------------------------
2023-04-09 00:52:42,765 epoch 15 - iter 10/101 - loss 0.03905948 - time (sec): 1.97 - samples/sec: 2784.97 - lr: 0.100000
2023-04-09 00:52:44,993 epoch 15 - iter 20/101 - loss 0.03347315 - time (sec): 4.20 - samples/sec: 2664.30 - lr: 0.100000
2023-04-09 00:52:47,019 epoch 15 - iter 30/101 - loss 0.03395476 - time (sec): 6.23 - samples/sec: 2635.00 - lr: 0.100000
2023-04-09 00:52:49,000 epoch 15 - iter 40/101 - loss 0.03666026 - time (sec): 8.21 - samples/sec: 2669.13 - lr: 0.100000
2023-04-09 00:52:51,093 epoch 15 - iter 50/101 - loss 0.03693330 - time (sec): 10.30 - samples/sec: 2674.55 - lr: 0.100000
2023-04-09 00:52:52,783 epoch 15 - iter 60/101 - loss 0.03851507 - time (sec): 11.99 - samples/sec: 2750.46 - lr: 0.100000
2023-04-09 00:52:54,678 epoch 15 - iter 70/101 - loss 0.03890594 - time (sec): 13.88 - samples/sec: 2741.59 - lr: 0.100000
2023-04-09 00:52:56,703 epoch 15 - iter 80/101 - loss 0.03975251 - time (sec): 15.91 - samples/sec: 2756.49 - lr: 0.100000
2023-04-09 00:52:59,065 epoch 15 - iter 90/101 - loss 0.03928319 - time (sec): 18.27 - samples/sec: 2730.66 - lr: 0.100000
2023-04-09 00:53:01,213 epoch 15 - iter 100/101 - loss 0.03911925 - time (sec): 20.42 - samples/sec: 2719.52 - lr: 0.100000
2023-04-09 00:53:01,284 ----------------------------------------------------------------------------------------------------
2023-04-09 00:53:01,285 EPOCH 15 done: loss 0.0391 - lr 0.100000
2023-04-09 00:53:14,493 Evaluating as a multi-label problem: False
2023-04-09 00:53:14,512 DEV : loss 0.04108170047402382 - f1-score (micro avg)  0.8488
2023-04-09 00:53:14,614 BAD EPOCHS (no improvement): 0
2023-04-09 00:53:14,620 saving best model
2023-04-09 00:54:32,675 ----------------------------------------------------------------------------------------------------
2023-04-09 00:54:35,026 epoch 16 - iter 10/101 - loss 0.02762554 - time (sec): 2.35 - samples/sec: 2640.24 - lr: 0.100000
2023-04-09 00:54:36,866 epoch 16 - iter 20/101 - loss 0.03513821 - time (sec): 4.19 - samples/sec: 2732.22 - lr: 0.100000
2023-04-09 00:54:38,799 epoch 16 - iter 30/101 - loss 0.03675757 - time (sec): 6.12 - samples/sec: 2754.73 - lr: 0.100000
2023-04-09 00:54:40,509 epoch 16 - iter 40/101 - loss 0.03688625 - time (sec): 7.83 - samples/sec: 2838.37 - lr: 0.100000
2023-04-09 00:54:42,557 epoch 16 - iter 50/101 - loss 0.03690703 - time (sec): 9.88 - samples/sec: 2824.96 - lr: 0.100000
2023-04-09 00:54:44,621 epoch 16 - iter 60/101 - loss 0.03641463 - time (sec): 11.95 - samples/sec: 2798.23 - lr: 0.100000
2023-04-09 00:54:46,495 epoch 16 - iter 70/101 - loss 0.03665148 - time (sec): 13.82 - samples/sec: 2826.40 - lr: 0.100000
2023-04-09 00:54:48,398 epoch 16 - iter 80/101 - loss 0.03715665 - time (sec): 15.72 - samples/sec: 2833.01 - lr: 0.100000
2023-04-09 00:54:50,140 epoch 16 - iter 90/101 - loss 0.03716094 - time (sec): 17.46 - samples/sec: 2853.41 - lr: 0.100000
2023-04-09 00:54:52,223 epoch 16 - iter 100/101 - loss 0.03790309 - time (sec): 19.55 - samples/sec: 2840.04 - lr: 0.100000
2023-04-09 00:54:52,342 ----------------------------------------------------------------------------------------------------
2023-04-09 00:54:52,344 EPOCH 16 done: loss 0.0379 - lr 0.100000
2023-04-09 00:55:05,811 Evaluating as a multi-label problem: False
2023-04-09 00:55:05,830 DEV : loss 0.050221122801303864 - f1-score (micro avg)  0.8236
2023-04-09 00:55:05,928 BAD EPOCHS (no improvement): 1
2023-04-09 00:55:05,935 ----------------------------------------------------------------------------------------------------
2023-04-09 00:55:07,839 epoch 17 - iter 10/101 - loss 0.03637249 - time (sec): 1.90 - samples/sec: 2815.23 - lr: 0.100000
2023-04-09 00:55:09,779 epoch 17 - iter 20/101 - loss 0.03897125 - time (sec): 3.84 - samples/sec: 2799.53 - lr: 0.100000
2023-04-09 00:55:11,849 epoch 17 - iter 30/101 - loss 0.03968132 - time (sec): 5.91 - samples/sec: 2743.34 - lr: 0.100000
2023-04-09 00:55:13,839 epoch 17 - iter 40/101 - loss 0.03844916 - time (sec): 7.90 - samples/sec: 2786.65 - lr: 0.100000
2023-04-09 00:55:15,757 epoch 17 - iter 50/101 - loss 0.03847694 - time (sec): 9.82 - samples/sec: 2830.24 - lr: 0.100000
2023-04-09 00:55:17,683 epoch 17 - iter 60/101 - loss 0.03693117 - time (sec): 11.75 - samples/sec: 2867.56 - lr: 0.100000
2023-04-09 00:55:19,549 epoch 17 - iter 70/101 - loss 0.03871747 - time (sec): 13.61 - samples/sec: 2870.58 - lr: 0.100000
2023-04-09 00:55:21,566 epoch 17 - iter 80/101 - loss 0.03748273 - time (sec): 15.63 - samples/sec: 2862.50 - lr: 0.100000
2023-04-09 00:55:23,595 epoch 17 - iter 90/101 - loss 0.03785852 - time (sec): 17.66 - samples/sec: 2841.15 - lr: 0.100000
2023-04-09 00:55:25,527 epoch 17 - iter 100/101 - loss 0.03820716 - time (sec): 19.59 - samples/sec: 2832.68 - lr: 0.100000
2023-04-09 00:55:25,629 ----------------------------------------------------------------------------------------------------
2023-04-09 00:55:25,630 EPOCH 17 done: loss 0.0382 - lr 0.100000
2023-04-09 00:55:38,058 Evaluating as a multi-label problem: False
2023-04-09 00:55:38,081 DEV : loss 0.040804509073495865 - f1-score (micro avg)  0.8431
2023-04-09 00:55:38,194 BAD EPOCHS (no improvement): 2
2023-04-09 00:55:38,200 ----------------------------------------------------------------------------------------------------
2023-04-09 00:55:39,933 epoch 18 - iter 10/101 - loss 0.03233193 - time (sec): 1.73 - samples/sec: 3111.04 - lr: 0.100000
2023-04-09 00:55:42,194 epoch 18 - iter 20/101 - loss 0.03472363 - time (sec): 3.99 - samples/sec: 2729.01 - lr: 0.100000
2023-04-09 00:55:44,026 epoch 18 - iter 30/101 - loss 0.03649099 - time (sec): 5.82 - samples/sec: 2814.11 - lr: 0.100000
2023-04-09 00:55:46,048 epoch 18 - iter 40/101 - loss 0.03576619 - time (sec): 7.85 - samples/sec: 2826.24 - lr: 0.100000
2023-04-09 00:55:47,956 epoch 18 - iter 50/101 - loss 0.03651573 - time (sec): 9.75 - samples/sec: 2842.12 - lr: 0.100000
2023-04-09 00:55:49,804 epoch 18 - iter 60/101 - loss 0.03723454 - time (sec): 11.60 - samples/sec: 2839.05 - lr: 0.100000
2023-04-09 00:55:51,632 epoch 18 - iter 70/101 - loss 0.03804046 - time (sec): 13.43 - samples/sec: 2856.22 - lr: 0.100000
2023-04-09 00:55:53,599 epoch 18 - iter 80/101 - loss 0.03846963 - time (sec): 15.40 - samples/sec: 2871.19 - lr: 0.100000
2023-04-09 00:55:55,860 epoch 18 - iter 90/101 - loss 0.03842895 - time (sec): 17.66 - samples/sec: 2835.94 - lr: 0.100000
2023-04-09 00:55:57,939 epoch 18 - iter 100/101 - loss 0.03883221 - time (sec): 19.74 - samples/sec: 2816.77 - lr: 0.100000
2023-04-09 00:55:57,991 ----------------------------------------------------------------------------------------------------
2023-04-09 00:55:57,992 EPOCH 18 done: loss 0.0388 - lr 0.100000
2023-04-09 00:56:10,381 Evaluating as a multi-label problem: False
2023-04-09 00:56:10,402 DEV : loss 0.04039642959833145 - f1-score (micro avg)  0.8538
2023-04-09 00:56:10,508 BAD EPOCHS (no improvement): 0
2023-04-09 00:56:10,515 saving best model
2023-04-09 00:57:27,449 ----------------------------------------------------------------------------------------------------
2023-04-09 00:57:29,905 epoch 19 - iter 10/101 - loss 0.03306649 - time (sec): 2.46 - samples/sec: 2382.84 - lr: 0.100000
2023-04-09 00:57:31,821 epoch 19 - iter 20/101 - loss 0.03513326 - time (sec): 4.37 - samples/sec: 2639.28 - lr: 0.100000
2023-04-09 00:57:33,670 epoch 19 - iter 30/101 - loss 0.03336462 - time (sec): 6.22 - samples/sec: 2718.30 - lr: 0.100000
2023-04-09 00:57:35,601 epoch 19 - iter 40/101 - loss 0.03473193 - time (sec): 8.15 - samples/sec: 2792.26 - lr: 0.100000
2023-04-09 00:57:37,274 epoch 19 - iter 50/101 - loss 0.03452052 - time (sec): 9.82 - samples/sec: 2860.84 - lr: 0.100000
2023-04-09 00:57:39,134 epoch 19 - iter 60/101 - loss 0.03490505 - time (sec): 11.68 - samples/sec: 2857.31 - lr: 0.100000
2023-04-09 00:57:40,812 epoch 19 - iter 70/101 - loss 0.03411579 - time (sec): 13.36 - samples/sec: 2899.51 - lr: 0.100000
2023-04-09 00:57:42,836 epoch 19 - iter 80/101 - loss 0.03439614 - time (sec): 15.39 - samples/sec: 2884.09 - lr: 0.100000
2023-04-09 00:57:44,679 epoch 19 - iter 90/101 - loss 0.03550904 - time (sec): 17.23 - samples/sec: 2898.20 - lr: 0.100000
2023-04-09 00:57:46,578 epoch 19 - iter 100/101 - loss 0.03570814 - time (sec): 19.13 - samples/sec: 2902.30 - lr: 0.100000
2023-04-09 00:57:46,654 ----------------------------------------------------------------------------------------------------
2023-04-09 00:57:46,654 EPOCH 19 done: loss 0.0356 - lr 0.100000
2023-04-09 00:57:58,655 Evaluating as a multi-label problem: False
2023-04-09 00:57:58,673 DEV : loss 0.04231717810034752 - f1-score (micro avg)  0.8474
2023-04-09 00:57:58,771 BAD EPOCHS (no improvement): 1
2023-04-09 00:57:58,778 ----------------------------------------------------------------------------------------------------
2023-04-09 00:58:00,697 epoch 20 - iter 10/101 - loss 0.03716202 - time (sec): 1.92 - samples/sec: 2818.18 - lr: 0.100000
2023-04-09 00:58:02,826 epoch 20 - iter 20/101 - loss 0.03258222 - time (sec): 4.05 - samples/sec: 2779.38 - lr: 0.100000
2023-04-09 00:58:04,983 epoch 20 - iter 30/101 - loss 0.03224178 - time (sec): 6.20 - samples/sec: 2714.22 - lr: 0.100000
2023-04-09 00:58:07,767 epoch 20 - iter 40/101 - loss 0.03402251 - time (sec): 8.99 - samples/sec: 2534.53 - lr: 0.100000
2023-04-09 00:58:09,561 epoch 20 - iter 50/101 - loss 0.03395898 - time (sec): 10.78 - samples/sec: 2603.97 - lr: 0.100000
2023-04-09 00:58:11,535 epoch 20 - iter 60/101 - loss 0.03343037 - time (sec): 12.76 - samples/sec: 2654.47 - lr: 0.100000
2023-04-09 00:58:13,582 epoch 20 - iter 70/101 - loss 0.03355040 - time (sec): 14.80 - samples/sec: 2664.06 - lr: 0.100000
2023-04-09 00:58:15,522 epoch 20 - iter 80/101 - loss 0.03396329 - time (sec): 16.74 - samples/sec: 2660.00 - lr: 0.100000
2023-04-09 00:58:17,664 epoch 20 - iter 90/101 - loss 0.03409081 - time (sec): 18.89 - samples/sec: 2656.05 - lr: 0.100000
2023-04-09 00:58:19,688 epoch 20 - iter 100/101 - loss 0.03504225 - time (sec): 20.91 - samples/sec: 2655.26 - lr: 0.100000
2023-04-09 00:58:19,783 ----------------------------------------------------------------------------------------------------
2023-04-09 00:58:19,784 EPOCH 20 done: loss 0.0350 - lr 0.100000
2023-04-09 00:58:32,771 Evaluating as a multi-label problem: False
2023-04-09 00:58:32,790 DEV : loss 0.04043104499578476 - f1-score (micro avg)  0.8533
2023-04-09 00:58:32,888 BAD EPOCHS (no improvement): 2
2023-04-09 00:58:32,895 ----------------------------------------------------------------------------------------------------
2023-04-09 00:58:34,885 epoch 21 - iter 10/101 - loss 0.03115062 - time (sec): 1.99 - samples/sec: 2741.27 - lr: 0.100000
2023-04-09 00:58:36,682 epoch 21 - iter 20/101 - loss 0.02910135 - time (sec): 3.79 - samples/sec: 2875.17 - lr: 0.100000
2023-04-09 00:58:38,761 epoch 21 - iter 30/101 - loss 0.03129881 - time (sec): 5.86 - samples/sec: 2809.92 - lr: 0.100000
2023-04-09 00:58:40,794 epoch 21 - iter 40/101 - loss 0.03166007 - time (sec): 7.90 - samples/sec: 2817.47 - lr: 0.100000
2023-04-09 00:58:42,801 epoch 21 - iter 50/101 - loss 0.03375471 - time (sec): 9.90 - samples/sec: 2783.54 - lr: 0.100000
2023-04-09 00:58:44,918 epoch 21 - iter 60/101 - loss 0.03630536 - time (sec): 12.02 - samples/sec: 2754.15 - lr: 0.100000
2023-04-09 00:58:47,088 epoch 21 - iter 70/101 - loss 0.03727270 - time (sec): 14.19 - samples/sec: 2734.51 - lr: 0.100000
2023-04-09 00:58:48,980 epoch 21 - iter 80/101 - loss 0.03711237 - time (sec): 16.08 - samples/sec: 2744.94 - lr: 0.100000
2023-04-09 00:58:50,987 epoch 21 - iter 90/101 - loss 0.03656471 - time (sec): 18.09 - samples/sec: 2745.94 - lr: 0.100000
2023-04-09 00:58:53,204 epoch 21 - iter 100/101 - loss 0.03643850 - time (sec): 20.31 - samples/sec: 2731.35 - lr: 0.100000
2023-04-09 00:58:53,311 ----------------------------------------------------------------------------------------------------
2023-04-09 00:58:53,312 EPOCH 21 done: loss 0.0364 - lr 0.100000
2023-04-09 00:59:05,446 Evaluating as a multi-label problem: False
2023-04-09 00:59:05,467 DEV : loss 0.03979866951704025 - f1-score (micro avg)  0.8624
2023-04-09 00:59:05,565 BAD EPOCHS (no improvement): 0
2023-04-09 00:59:05,572 saving best model
